1 0
6 5 3
8 2
10 7 12 4
18 11 9 13 16
17 15
24 14 19 20 21
29 23 22
42 25 27 26 30
31 32 34 28
33 35 36 38
40 39 41 43 37
45 52
49 44 53 51 46
48 47 50 54
55 57
59 60 56 58 62
66 63 61 64
69 65 68
67 70
75 74 71
83 72 76 73 77
78 79
82 80 81 85 87
90 88 84
89 93 86 91 94
98 95 96 97 92
103 100 99
105 102 101 104
109 113 108 107 106
112 110
119 115 116 111 121
123 118 114
117 120 122 124 126
133 125 127 129 130
137 131 128 132 135
134 138
141 136 143 142 140
145 139 147
146 148
150 149
154 144 152 151 153
160 155 159 157
162 156 158 161
166 167 163 164
171 168 165 169
173 175 170
181 172 176 179
177 180 174
186 178 182 185 183
190 184
191 189 187
195 192 194
197 193
196 198
203 200 199 188 204
205 201 202 206 208
209 207 214 210
213 212 215 218
217 216
221 222 219 211
220 227
226 223 224 225
238 228 231 229 234
236 232 240
239 230 243 233
241 245 235
237 244 246 248
242 247 249 250
252 251 254
258 257
253 255 259 256
267 261 262 260 264
266 263
269 268 270 265
273 271 272
277 274 275 278
283 279 280 276 281
286 284
287 282
288 290 285
291 289 292
296 293 294
297 299 295 298 301
305 303 300 302
306 304
311 308 310 307
316 309
318 312 317 315 313
314 322
320 321 319 323
326 325
327 330 324 329 331
336 339 335 332
340 328 334 333
337 344
338 343
348 341 345
346 342 349
351 350 347 353
354 357
355 356 363 358
352 367
365 360 359
368 364 362 376 366
369 370
372 373 361
371 375 377 378
374 385
381 380 379 382 384
387 383 386 388
399 389 395 392 390
391 393
401 396 394 397 398
405 400 408 403
413 407 402 404 410
411 406 409
418 415 412 416
419 420 414
422 423 417 430
429 425 421 426
432 424 427
428 435 431
437 433 436 434
439 441 440 438
442 449
452 444 443 447 450
446 445
459 448 451 453 454
460 457
464 456 455 458 461
467 462 463 465
470 466 469
472 471 475
476 468 474 473 477
478 481 483
490 479 484 486
485 482 480
489 488 492 487 493
498 494 497
496 499
