0 1
5 2 3 4
8 7 6
13 9 10 11 12
14 15
19 16 17 18
21 20
25 22 23 24
26 27
32 28 29 30
36 31 33 34 35
41 38 37 39 40
45 42 43 44
46 48
51 47 49 50
52 53
55 54 56 57
59 58
63 60 61 62
65 64
71 66 67 68 69
75 70 72 73 74
80 76 77 78 79
81 82
83 85
87 84 86
92 88 89 91 90
95 93 94
98 96 97 99
104 100 101 102 103
107 106 105
111 108 109 110
112 113
118 114 116 115 117
121 119 120
123 122
126 124 125
131 127 128 129 130
135 132 133 134
138 136 137
143 139 140 141 142
145 146 144
148 147
151 149 150
153 152 154
155 156
158 157
164 159 160 161 162
163 165
166 167 168
171 169 170
174 172 173
176 175
177 178
180 179 181
185 182 183 184
187 186
190 191 188 189
194 192 193
196 195
201 197 198 200 199
202 203
204 205
208 206 207
212 209 210 211
213 214
219 215 216 217 218
224 220 221 222 223
228 225 226 227
229 230
233 232
236 231 234 235
240 237
243 238 239 241 242
244 245
247 246
249 248
254 250 251 252 253
258 255 256 257
262 259 260 261
267 263 265 264 266
273 268 269 270 272
275 271 274
276 277
278 279
284 280 281 282 283
288 285 286 287
294 289 290 291 292
293 297
300 295 296 298
303 301 299 302
305 304
306 307
311 308 309 310
313 312
317 314 315 316
322 318 319 320 321
323 324
329 325 326 327 328
330 331
333 332
335 334
336 337
342 338 340 339 341
345 343 344 346
348 347
352 349 350 351
353 354
359 355 356 357 358
360 361
362 364 363 365
368 366 367
373 369 370 371
376 372 374 375 377
379 378
381 380
383 382
385 384
389 386 387 388
392 390 391
393 395
394 396
401 397 398 399 400
406 403 402 404 405
411 407 408 410 409
414 412 413 415 416
419 417 418
424 420 421 422 423
427 425 426
431 428 429 430 432
434 433
439 435 437 436 438
442 440 441
444 443
450 445 446 447 448
453 449 452 451
459 454 455 456 457
458 460
461 462
465 463 464
470 466 467 468 469
472 471
473 474
478 475 476 477
483 479 480 481 482
484 485
487 486
490 488 489
492 491
496 493 494
495 497
