0 1
2 3
8 6 4
10 5 11 7 9
14 12 13
20 15 19 18
22 21 16 17
27 23 24 25 26
31 29 30
32 36
35 28 33
38 37 34
42 40 41
39 47 43 45 46
50 48 49
51 52 44 53
58 56 54 57 55
59 61 60
62 63 64
66 69 65
67 68
70 71 74 73 79
75 76 77
82 80 72 78 81
86 89 83 85
91 88 84 90
95 87 93
98 92 96 94 97
102 99 100
107 104 101 103 106
108 110 109 105 111
113 114 115 112 118
116 117 119
123 120 122 121
124 125 128
127 126 130 129 132
134 131 136
135 138 140 133
145 137 142 147 139
146 141 143
144 148 153
151 150 149 155
152 157
156 154
159 162
161 166 158 160
164 163
171 168 165 167 169
173 172 170 175
177 176 174 180
178 181 182 179 183
187 184
195 188 186 185 190
194 189 192 191
200 193 196 199 197
201 203 198 202 205
204 208
213 209 211 207 206
216 212 214 215
217 218
210 225 220
223 219 227
224 232 226 222 221
229 230 228
234 236 231 233
238 235
240 239 241 237
244 242 243 247
245 246 248
249 250
255 253 254 251
256 257
258 252 259
261 260 262
264 265 263 267
271 270
269 268 266 272 274
279 273 275 276 278
277 280
284 282 281 285 283
289 288 287 286
290 292 291
297 293 295 294 296
303 299 298 300
304 301 305 307 302
310 309 306
314 311
319 308 315 316
318 312 317
324 313 321 320 323
329 322 325 326 327
333 328 331 330 335
338 334 336 337 339
340 341 332
343 345 342 344
347 349
350 346 348
351 356 352 353 355
357 360 354
362 358 359 361 363
366 364
369 365 367 368 371
377 372 370 375 373
382 374 376 380
381 379 384 378
389 385 383 388 386
387 393 390
391 392
