1 2 0
3 4
11 5 8 7 6
9 12 14
16 13 10 15
17 19
23 20 18 21
26 22 25 24
27 28
34 29 32 33 31
38 30 35
40 36
37 39 42
46 43 41 44
50 48 47 49 45
56 54
51 52 53 57 58
63 55 59 60 62
68 61 64 67 65
66 71 69 72 70
77 74 73 75
76 78 83 80 81
82 79
86 90 84 91 85
93 92 87 88
94 89 96 95
97 100
102 98 99 101 104
106 103 108
110 105 109
112 107 111 115 113
118 114 116 117
122 120 121 135 119
123 125
128 124 126 129
136 130 133 127 131
137 132 134
141 140 138 139
143 146 142
148 152 145 147
151 149 153 144 150
157 154 162 156
155 158 161
160 159
170 163 164 165 167
169 172 166 168 173
179 171 175 174 177
178 180
184 183 176 181
185 182
188 186 187
191 190
192 193
194 198
200 189 197 195 196
202 199
205 201 206 203
209 204 211 207
208 216 215 212 213
210 214
221 217 219
218 223 220 226 222
228 229 225 224
232 231 227
237 233 230 234 236
243 235 238
241 240
244 239 242
246 245 249 247
248 250 251
252 254
255 256 258 253 257
260 261
266 259 264 263
267 262 270 265
269 268
273 274 271 272
278 276 275 277 279
280 281
282 283
292 286 285 284
293 289 290 287
295 288 291 298 294
300 296 299
301 303 297
308 304 306
310 302
312 309 316 307 305
318 313 311 314 315
319 320 317 321
323 322
329 325 324 331
327 330 326 333
335 328 334
336 332 337 339
338 343 340 341 342
350 344 347 345 349
351 346 353 348 356
354 355
358 357
352 359
364 360
363 361 362 367
365 368
373 366 369
370 375 371
376 374 372
379 378 377
381 380 382
384 383 386
391 390 387 389 394
388 385 392 395 393
396 397 398 400 399
405 401 402 403
406 409 411
413 407 404 408 416
415 412 410 414
418 417 421
422 419 420
428 424
423 425 427
429 426 431
435 430 432 433
436 438
434 437 444 441
443 440
442 447
446 439 448 451 445
450 452
459 455 456 449 454
461 457 458 460
462 463 453
467 464 466
468 469 473 465
470 471 472 475 476
477 474
478 479 480
490 481
482 486
484 491 483 488 492
489 493 485 487 495
494 498 499
