0 2
4 1
11 5 7 3
8 6 10 13
14 9
12 15 18 16
21 17 19 20
27 23 25 22 26
32 24 28 29
33 30
36 37 31 34 35
44 41 40
45 38 39 43 42
52 46 49 47 50
51 53 48 55
57 54
58 63 56
61 59 60
67 62 65 66 64
69 70 68 71 75
74 73 72 76
79 78 77 80
85 82
83 81
87 84 86
91 88 90
89 93
94 95 92 96
103 97 100 98 99
107 101 102 105 104
112 109 108
110 106 111 113 115
121 114 119 116 117
123 118 120 122
125 124
128 126 127
135 131
134 132 129 133
138 139 137
140 130 136
142 143 141
148 144
149 145
150 146
155 147 152 151
160 153 156 157 159
161 154
163 158 162 164 165
168 169 166 170 174
175 167 172 173
179 176 177 171
181 180
178 183 184 182
186 187
188 189 185
192 191 190
197 196 194
200 193 195
202 198 203
209 199 204 205 208
206 201
212 207 210
211 216
215 217 214 219 221
224 213 218 220 223
222 225 230
226 228
232 229 227 234 231
237 236 235
233 239 238 240 241
244 242 243
251 246 250 245 247
253 248
256 249 252 254
255 257
258 260 259
264 261 263 262 266
268 265 267
273 270 269 271 272
278 274 276
280 281 275 279
287 284 277 282 283
288 289 285
286 290
295 291
292 293
301 297 294 296 298
304 300 302 299 303
308 306 305 309 307
310 311 312 315
320 316 313 314 317
322 318 321
326 319 323 324
330 329 325 328 327
332 333 331
335 338
336 339 334 337 340
345 341 344
347 342 343
349 346 348 350
352 351
355 354
358 353 356
359 357 362
361 360
365 363 364 366 368
373 367 371 370 369
375 374 372
378 377
381 379 380 382 376
387 383 385 384
388 386 390
395 389 392 391 393
394 396
402 397
398 399 400
403 401 405
410 406 404 407 409
415 408 411
419 413 412
423 420 414 416 422
425 418
421 417 427 426 424
429 428 430
431 433 432
434 435
436 438 441
442 437 440 444
443 449 439 445
450 447 446
452 451 448 453
458 457 454
460 456 455 463 464
465 459 462 461 467
468 466
472 470 469 471
475 474
476 477
473 478 479 481
484 480 482
486 483 485 488
491 487 493
492 489 490
495 496 498 497
