3 0 1
10 4 5 6
7 9 2 11
15 8 14
13 17
16 18 12 19
23 21 22 20
25 24
32 26 27 28 29
33 35 34
31 36 37 30 40
44 39 43 41
42 38 45 46
49 52 50 48 47
53 57 51
54 55
62 56 58 60 61
65 59 63 64
70 68 66
71 69 67 72
81 74 75 73
77 76 78
84 79 80 86 87
85 82 83 90 92
89 88
95 91 93
99 94 97
101 96 98 100
113 103 102 105 104
106 108
112 116 109 107 111
110 115
121 117 119 114
120 122 118 124
126 123 131 127
132 125 130 128 129
134 133
136 135 137
138 139 141
144 140 142 147
149 143 148 145
151 150 146
156 154 155
152 153 157
163 160
164 159 161
165 158 162 166
170 167 169 168
171 172 174
175 173 176
178 179 180 177
181 184 182
183 185
188 190 186
192 187 191 189 193
195 194
196 197 198 200
206 201 202 204 203
208 205 199 207 209
215 212
213 210 211 217
218 214 216 223
224 219 220 222 225
226 229 230 221 227
228 237
233 231 234 232
236 235
242 239 238 240
245 241 243
247 248 244
253 249 250 246 251
252 254
260 255 257 256 258
259 266
263 261
265 267 262 264 268
271 274 269 270 273
276 272 275
279 278 283 277
284 280 281
287 285 282 286 290
288 292 289
294 296
295 293
299 297 298
302 304 291 305
300 301 307
303 308 306 310
312 311 309
315 313
317 319 314
320 316 318 321
322 323
325 324
328 326 327 332
333 331 329 330 334
338 335 343 337 339
344 346 336
342 345 340 341
