1 0 2
5 4 3 10 8
7 6 9 13
14 11 12
19 15 16 17
18 20 22
26 24 21
27 28 23 29 25
34 33 31 32 35
37 36
45 41 30 38 40
42 39 46
43 44
50 47 48
49 51
57 53 55 58 54
62 56 52
60 59 63
67 61 71 64
69 65 68 66 70
72 74 75
80 73 76
78 82 77
81 83 84 79 85
86 88 87
92 89 90
99 93
96 91 94 98
103 97 95 100 101
105 102 104
107 106
108 110 113
115 109 114 112 111
117 121
119 116 118 120
125 122 123 124 128
130 126 127 129
133 132
137 134 135 136
140 139 141 131 138
147 145 142 143 146
148 151 153 144
154 156 159 150
158 162 155 149
161 152 157 164
165 160 163 166
167 168
173 170 169 171
176 175 172 174 177
179 180 182 178
184 181 183
187 185 190
188 186
191 189
200 193 192 194
198 196 195 197
201 199 209 202 203
212 204 205 206 208
214 207 211 210 213
215 217
221 216
222 219 220
218 223 225
226 224
230 228 227 229
234 233 231 232
237 235
236 238
243 239
245 240 241 242 244
250 247 246
253 251 248
255 249 256 254 252
261 257 258 260 259
262 263
270 264 266 265 269
268 267
274 271 273 272
278 275 280
279 276 281 282
286 277 284 283
288 285 289 287
293 291 292
297 295
296 290 294 298
303 300 299 301 302
310 305 306 307 304
312 308 309 311 316
314 313 317
315 320
326 318 321 319
324 322
325 327 323 329
335 333 331 328 330
338 332 337 334
339 341 336 344
340 342
347 343
349 345 346
351 348 353 350
352 355
358 354
357 359 356 363 360
361 367
370 362 365 364
368 369 366 371
374 373
376 372 375 377
385 380 378 379 381
383 388 386
391 382 384 389 387
393 390 394 392
395 396
398 397 399 402
404 401 400 405 407
408 403
416 410 420 406 413
415 411 412
419 414 409 417
421 422 423 418
426 424 425
427 428
433 429 431 436
439 434 432 437
435 441 430 438
444 440
443 442 446 448 445
447 449 450
452 451 454
456 453 458 455
459 461 460 457 469
468 464 463 465
462 466
472 467 471 470
474 476
477 479 473 482
484 475 478 481
480 483
494 485 490 486 487
489 488 491
493 498 492 495
