0 2
4 3
1 5 10 6 11
12 7 8
14 9 13 16
20 17 15 18 19
24 21 23
27 29 22 25
28 31 26 30
32 33 34
38 37 40 35 36
44 43 41
42 48 45 39
49 46
59 52 47 50 55
54 53 51 58 57
60 62
64 61 63 56
67 65 66 70 72
78 68 69 75 73
77 76 74
83 80 71
88 79 81 84 85
90 86 89 82 87
100 91 92 94
104 95 96 98 97
93 101
105 102 103
110 99 106 107 108
117 109 114 111 112
116 115 113
118 121
119 120 122
126 125 123 124
129 128 127 130
133 131
135 132 134
138 136 140 137 141
145 142 139
148 143 144 146
154 149 150
156 147 153
158 151 155 157 152
162 159 160 164 161
165 163
168 169 166 167
174 170 171 172 177
181 173 175 178 176
185 179 182 180
190 184 189 186
183 187 188 192
195 191 194 193
199 197
198 201 203 196 202
206 204 205 200 210
216 207 209 208 215
211 219
213 212
214 218 217
230 220 221 223 224
227 222 225 226 228
229 234
238 231 235 233 236
237 240 232 239
243 245
251 246 241 244 247
253 242 249 248 250
255 256 252 254 257
259 258 263 260
264 262 261
267 270 269 265
274 268
266 271 272 275 281
278 273 279 277
276 280
282 284
283 285 288 291
292 289 286
287 298
296 299 295 293
302 294 290 297 300
304 301 305
307 311 303
310 306 309 308
316 312 313
317 314
315 319
320 321 322 318
325 324 323
329 326
328 327
334 330 331
337 332 336 333 335
339 343 342 341 338
344 346 345 340
348 347 349
353 350
352 354 357 351
363 358 355 360
359 361
362 366 356 365
368 367 364 369
370 373
375 371 372 374
380 377
385 378 376 379 381
386 382 383 388
392 393 384 387
391 397 389
400 394 395
398 390
402 399 396 406 401
407 403 404 405 408
411 409
414 412 410 417
415 416 419 413 418
422 420
421 423 425 426 424
427 428
431 429 430 434
438 435 432 433 436
441 443 437
442 439 440 444
446 445 449 447
450 451
452 448 456 454
457 459 453 455
461 458 460
470 463 462 464 465
468 466 475 467
474 472 469 471 476
473 478 477
479 483
485 480 482 486
487 481 490 484 488
493 489 491
496 494 492 495
