4 0 1 2 3
6 5
11 7 8 9 10
13 14
19 24
12 16 15 20
18 22 26
27 17 23 21 28
25 29 34 31
35 30 33 32 38
37 36 40 39 42
46 41 44 43 47
45 48 51
53 49 52 50
56 57 54
58 55 60
64 59 66
63 70 62
65 67 61
73 69 68 71 72
77 75 76 74
79 78 84 80 81
85 87 82 89
88 83 90 92
93 86
95 91 97 100 94
99 96 98 101 106
102 104 105
110 103 107 109 112
113 108 111
114 115
118 116 117
121 124 119 122
123 125 120 126 127
130 132 128 129
133 131 134 136
138 137
140 141 143 135 139
145 144 142 146
151 147 148
150 149 157
153 152 154 156
162 158 160 161
159 164 155
172 163 166 165
176 169 167 168 170
177 171 173 175 174
183 181 179 180 178
182 184 185
188 186 187 189 190
192 191
194 193
198 195 197
196 201 199 204
206 200 202
203 205 208 209
207 211
215 214 210 212 216
220 222 217 218
219 213
221 223
225 224 229
228 226 227
230 231 232
234 233 237
239 235 236 238 240
245 241 242 249
244 247 246 243
248 251
259 252 253
254 250
258 255 256 260 257
263 261 262 264 265
271 267 270 268
266 272 275 269 274
286 276 273 279 278
277 281 280
283 282
284 285
295 288 290 287 291
297 289
298 292 293 294
299 300
302 296
309 304
303 301
312 305
306 307 308
314 310 311 315 313
321 319 316 317 320
322 318
324 323
327 325 326
331 330 333 329
328 335
332 338 334 340 337
339 336
344 341 342 343 346
347 345 348 351
350 352 349
359 353 354 356 355
361 357 358
369 360 362
368 363 364 365 366
370 367 373
376 375 371 372 379
380 374
378 377
386 381 383
390 385 384 388 387
392 382 393 389
391 395
398 394 396 397 399
400 402 401
406 403 407 404
413 405
408 409
415 410 411 412 414
416 420 417 418 419
425 422
428 423 421 427
431 426
434 424 429 432 430
435 433
441 437 436 439
438 440 442
445 448
446 444 443 447
450 451
454 452 449 453
457 455 456 459
460 458
463 461 462 465 467
470 464 466 468
471 469
474 473 476
477 472 479 475
483 478
487 480 481 482
486 485 484 488 489
491 490
492 494
