0 1
5 2 4 3
9 6 7 8
13 12
15 10
19 11 14 20
17 18
23 16
27 21 22 24 26
29 30
28 31 25
35 32 33 34 36
40 38 37 41 39
42 43
46 44
49 45 48 47
51 52
50 56
57 53 55 58 54
60 59 63 64
65 66 61 62
67 68
72 69 70 71
78 73 75 74
80 76 77 79 82
81 85 83 86
89 87 88 84
94 92 90 91 93
97 98 95
101 100 96 99
105 102 104 103
112 108 106 107
111 110 109 113 116
114 115
121 117 118 119 122
130 123 120 124 125
131 126 129
136 128 127
132 134
140 133 135 137 138
142 139 144 141
145 146 147 148 143
153 149 150 154 151
152 155
158 157
159 156
160 161
167 163 162 166 164
168 172 165
174 171 169 170 173
181 175 176 177 178
184 180 179 182
183 185 186
195 187 190 191 188
192 189
194 193
198 196 199 197
200 202 203
206 204 201
210 207 205 209
214 208 211 215 212
219 213
222 217 216
224 218 220 221
228 226 223 230 225
227 229 232 233
235 231 234
239 237 236 238 240
243 241 242 244
249 247 245 246 248
251 252 254 250
253 255 256 258
262 259 257
264 263 261 260
265 267 266
271 268 269 270
276 273
277 280 274 272
279 281 275 278 282
285 286 284 283
290 291 287 289 288
292 294
296 295 293 299
301 297 300
304 298
305 302 303 306 307
308 310
311 313 309 312
314 315 316
318 319
324 317 320 321 322
330 325 323 326 327
332 329 331 328
336 334 333 337
338 339 335
344 341 342 343 340
345 346 347
355 348 349 351 350
352 353
356 354 357 358
360 361
365 362 359 363
364 367
372 366 368 371 370
376 373 369
378 374
380 377 375 379 381
382 384
387 383 385 386
388 389
390 391
397 393 392 394 395
399 396 398
408 401 400 403
406 402
409 405 404
412 410
413 407 411
423 414 416 417
419 418 415
424 425 428 420 422
430 421 429 426
432 427
431 433 434
438 435 436 439 437
443 440 441 442
446 448 444 445
447 449
457 451 450
454 456 452
453 458 455 460 464
465 459 461 462 463
468 466 467
469 472 475 470 471
473 474 476
481 477 478 479
484 480
485 483 482
486 487 490
489 492 488 493
497 491 494
