0 3 4
6 2 1 5
7 11 8 12 9
19 13 10
16 15 18 14 17
21 20
25 24 23 22 27
26 30 31 28
33 34
37 29 32 36 35
44 39 38 42 43
45 41
48 40 46 47
52 50 51 53 49
59 57 54 55
64 56 60 62
61 58 63
71 65 66 67 68
72 69 75 70
74 73
76 79 81
77 83 78
84 82 80
85 86 88
87 89
90 94 91 92
93 95
100 96 98 97
99 101
106 102 103
112 104 107 105 108
110 109
114 111 113 116
120 115
121 117
118 119
130 122 123 124 127
125 128
126 132
135 131
138 129 133 134 136
140 139 143
137 141 142 145
144 149
147 148 150
153 146 151 152
164 154 155 156 157
159 160
161 158 162
166 163 167
169 168
175 165 170
176 171 172 173 174
177 178
182 180 179 181
187 183 184 185 186
193 188
192 190 189 194 191
199 196 197
198 201 195 200
204 206 203 202
215 205 211 210
207 212
208 214
220 209 216 213 218
217 221
224 223 219
222 225 227 229
233 228
226 230 235
239 232 231 236
234 240
245 237
243 238 241 244
251 242 247 248 246
253 249 252
258 257 250 256 254
259 255 263
264 260
265 268 261 262
269 266 267
278 270 272 271 273
279 274 277 275 276
280 281
285 282 284
288 286 287
291 283 290
292 297
296 289 293 295
298 294 301 300
302 305 304 299 306
303 307
308 309 311 312
313 310 314
322 315 316 318
323 319 317 321 320
326 325 328 330
332 324 333 327
331 334
337 329 336 335
339 338
345 341 343 342
348 340 346 344 347
354 351 349
357 352
356 358 355
363 350 362 360 353
359 361 364 365
366 367
369 372 370 368
378 377
371 373 374
382 375
379 380 376 384
383 385 381 386
387 393
391 390 388
395 389 392 396 394
399 397 398
403 400 402 401 409
406 404
411 405 410
414 408 407 412
413 415
417 416 420 419
426 418 421 423 425
424 422 427
430 431
433 428 429 432
434 438 435
437 436
442 439 441 440
447 445 443 446 444
451 453 448 449
452 455 454
456 457
463 459 450 458 461
462 460 467 464 465
466 468
476 469 470 472 474
473 478 471
477 475 480 479 481
483 482 484 486
489 485 487 488 490
492 491 493 497
