3 0
1 2 4
5 7
12 6 8 11 14
10 13
21 9 18 17 19
20 16 15
29 22 24 23 26
25 31 28 27 30
38 32 34 35 37
33 39 36 40
42 41
44 43 45
46 47
51 50 52
55 54 48 49
60 56 57 53 58
61 59 62 64 65
71 63
67 66 68
72 70 73
69 74
81 75 76 79
82 85 77
86 78
83 87
84 80 88 89 90
95 97 91 98 93
92 94 99
101 96 102
103 100 105 106 108
109 104
107 110 112
113 111
117 114 118 115 116
119 120
122 124
127 123 121
130 129 125 126 128
135 131 133 132 134
143 138 136
139 137
148 140 141 144 142
147 146
151 145 149 150
154 156 153
152 160
158 157
161 155
166 159 162 167 163
170 164 165
174 168 172 169
173 171
178 175 176 177
180 181 179
184 191 182
186 183 187
188 189 185 193
194 192 195 196
197 190
200 199
198 201 203
202 206 204
205 207 209 212 210
213 208 216 221 215
219 211 214 217 220
223 222
227 218 225 224 226
231 228 229 230
237 235 233 234
241 236 238 232
239 242
240 246 243
248 245 247 244
256 249 252 250 251
257 253
263 258 255 259
260 254
262 261 264 265
270 266 267
269 268 271 274
275 278 272 273
280 276 284 277 279
282 286 281
287 285 283 288
293 290 289
295 291 294
297 296
301 292 300 298 299
306 302 303 308
310 304 305 309 313
311 314 307
317 312 316 315
319 320 321
323 322 318
327 324 326 325 328
330 333 329 336 334
331 332 337 340
341 338
345 335 339 344 343
355 342 346 348
349 351 347 350 353
359 354 352 358 356
363 361 357
360 364 365 366
371 370 367 369 368
373 362 372
376 374 375
379 377
385 380 392
383 394 382
386 381 384 387
389 378 388
395 391 393 390 397
400 396 398 399 403
401 405 402
406 410
414 408 409 404
415 407 411 417 413
424 412 418 420
416 421
423 422 419
425 426 427
433 428 429 431 432
437 430 434 435 436
438 440
442 439 445 441
447 443 444
449 450 448 446
455 458 451 452 454
453 456 459
465 457 464 460 461
463 466
467 462 468 470
471 472 469 474 473
478 477 476 479 475
480 481 484
485 482 483 486 488
491 487 490
493 492 495 489 494
496 499
