4 0 1 2
7 3 5 6 9
10 8 11
15 12 13 14 16
17 18
21 19 20 22
26 24
25 23 27
31 28 29 30
33 32
37 34 36 38 35
44 39 40 41
50 43 42 45 48
51 46 47
49 52
57 53 54 55 56
58 59
61 60 62
63 64
65 66
71 67 68 69 70
75 72 74 73
78 77 76 79
81 80
84 83 82 85
90 86 88 87 89
95 92 91 93 96
98 94 97
106 99 100 101 102
107 103 104 105
111 108 109 110 112
116 115
113 114 118
120 117 119
124 122 121 123
125 126
129 127 128
133 130 131 132
136 134 135 137 138
143 139 140 141 142
148 144 145 146 147
150 149
151 152
156 153 155
160 154 158 157 159
165 162 164 163 161
167 166 169
170 168 172
173 171
174 175
176 177 178
183 181 182
180 179
184 185 187
189 186 188
191 190
195 192 193
199 194 196 197
201 200 198
203 202 204
207 206 205 209 208
213 210
217 212 211 214 215
218 219 216
225 220 221 223 224
228 222 226 227
230 229
234 231 232 233
238 235 236 237
239 240
243 245 241 242
247 244 246 249
253 248 250 251 254
252 255
258 256 257
263 260 259 261
262 264
265 266 267
273 268 269 270 271
274 272
276 275 277
281 278 280 279
284 282
283 285
288 286 287
290 289
291 292 293
298 294 295 296 297
300 299 301 302 303
308 304 305 306 307
310 309
315 312 311
313 314 316
317 318
322 319 320 323
325 321
330 324 327 326 328
329 331
332 334 336
335 333
337 339
341 340 338
347 345 342
344 346
350 343 348 349 351
353 352
355 356 354
358 360 357
359 361
363 362
366 364 367 369
368 365
373 370 371
376 372 374 375
379 377 381 378
382 380
386 384 383 385
389 387 388
393 390 392 391
394 395
397 396
400 398 399
404 401 402 403
408 405 407 406
409 410
412 411
415 414 413
418 417 416 419
420 421
423 424 422
429 427 425 426
431 428 430
434 432 433
435 436
443 437 438 439 441
444 440 442
446 445 447
448 450
452 451 453
455 449
456 454 457
458 459 460
463 461 462
466 464 465
469 467 468
472 470 471 473
475 474
479 476 477 478
483 480 481
485 482 484
488 486 487 489
490 491 494
497 493 492 495 496
