0 2
1 5 3 4
9 6
10 7 11 8
14 12 13 15 16
22 17 20 19 18
24 21
28 23 25
26 27
33 30 29 31 34
37 32 35 40 36
43 39 41 38 44
47 42 45 46
51 54 50
52 53 48
56 55 49
57 58 60 61 59
64 63 62 67
69 65
71 66 68 73 72
79 70 74 76 77
78 81 75
80 83 82 84
86 87 85
90 89
88 91 92 93
94 95
100 97 101 98
102 103 96
108 99 104
109 110 107
105 106 113
114 111
112 115
118 121
124 116 117 120 122
126 123 119 125
129 131 127 128
133 130 132
135 134 137
139 136
149 141 138 143 144
140 145
152 142 147 146
148 154
157 151 150 153 155
158 156
162 161 159
169 163 160 167
164 166 165 170
171 172 175
177 168 173 176
179 174
180 182 181 178
186 183 185
188 191 187 184
192 190 189 194 196
199 193 195 200 198
203 205 197 201 202
208 204 206 207 209
213 210 212
217 211 214
216 219
226 215 222 218 220
221 227 223 225
224 230 228 232 231
233 229
243 234 235 236 240
239 244 238 237 242
249 246 241 245
250 247 248
253 255
254 256 252 251
258 260 259 257 261
262 264 263
271 265 266 269 267
274 268 272 270
276 273 275 277
278 279
283 281 280
285 282
289 286
292 284 287 291 290
297 288 293 296 294
298 300
299 301 302 295
307 303 305 304
315 306 309 310 308
314 311 312 313
316 319
321 317 318 320
325 324
323 326 322
333 327 331 328
330 329 332 336 334
340 337
335 338
343 342 339
341 344
349 350 345 348 352
351 355
354 346 347 353 356
359 360 357 361 358
365 362 363 366
364 367
371 368
374 373 369 372 370
376 377 375
378 379 381
384 388 380 382 383
390 385 389 386 387
393 392 394 391
400 399 395 397
398 401 396
404 406 403
402 405 408
412 407 410 409 414
417 411
413 418 415 416
421 419 420
425 422 424
430 428 426 423 429
431 435 427 434 432
438 436 433 439
440 441 437 444
446 443
442 445 448
452 447 449 450 451
456 454 453 455
457 458 459
464 460 461
465 462 463 467
468 466
471 470 472 482 469
486 476 478 473 477
479 474 475 481 483
490 480
489 492 484 491 485
494 487 488 493 495
496 499 498 497
