4 0
1 3 2
8 5 7 6
10 16 9
12 15
18 11 14 17 13
19 20
22 21
23 25 29
27 26 24 28
34 30 33
37 31 32 35
41 36 42 38 40
39 44
43 46
50 47 49 45 51
58 52 54 48
59 53 57 55
60 65 61
66 56 62
63 67 64
68 70 69 71
76 72 74 73
78 75 77 79 80
83 84 81
82 85 93
87 89
96 86 88 91 94
90 98 92
99 95 97 101
103 100 102 106
105 104
108 107 110 109
112 113 114 111 115
119 116
118 117
126 122 121 128
120 125 127 123
130 124 129
133 131 132 136 142
137 134 135
140 138 139 144 141
143 146
150 145 147 151
148 149
158 152 153 155 154
156 157 159
161 160
162 163
168 166 164
167 165
169 170 172
171 173
175 174
178 179 176 181
182 180 177
187 183 184 186 185
190 188 191 193
192 189
198 194 196 195 197
199 201 200 204
205 203
207 208 202 206
210 212
213 209
217 214 215 218 211
222 221 220 216 219
223 224
229 228 225 226 227
233 230 231 232 234
239 236 235
243 237 240 242
244 238 241 255 246
249 245 247
248 250 252 254
257 251 256 253 260
259 258 263
262 261 267 268
272 266 264 265 270
269 273
274 276 275
277 271
280 282 279
278 283 285
290 281 284
291 287 288 286 292
293 296 289 295 294
297 299 298
