0 2
1 3 4 5
12 11 6 7 8
9 10
13 14 17 15
22 16 21 18
20 23 19 24
31 25 32 26 29
34 27 28
35 33 30
38 39 36 41 42
45 37 40 43
48 44 47 46
50 49 51
52 53 54
56 55
59 57 58
64 60 61
66 65 62 67 63
69 75 70 68
78 73 74 76
81 71 77 72
79 80 82
84 85
86 83
90 87
89 88 95
93 92
101 91 97
96 98 99 94
102 104 106 107 100
112 103 108 110 111
114 105 109
116 115 113
118 120 123
121 117 119
127 122 125 128 124
132 126 131 129 130
135 136 134 133 138
142 137 140 141
148 144 143 139 146
147 145
156 149 150 152
153 151 155
158 154 157 159
160 161 163
164 162 165 167 166
169 168 170 171
174 172 175
179 177 176 173 178
183 181 182 180 189
187 184 186 188 185
193 190 191
203 192 196 194
197 198 195
200 202
205 201 199 207
208 204
209 213
211 212 206 214 210
218 215 216
222 217 219 221 220
223 225
226 227 224 229 228
235 231 230 232 234
241 238 233 236 239
244 237
248 246 240
245 242 243
252 247 250
251 249 254
258 253 255 256 257
260 259 261 262 268
263 264 265 266 267
270 269 271
272 273
275 276 274 277
285 281 278 280 279
286 282 283 287 284
288 289
295 294 291 293 290
298 296 292 297
304 299 302 300
305 301 303 310 306
313 314 308 307 309
311 317 315 312 316
323 319 318 321 320
326 322 327 324 328
329 325 330
334 332 331 337 333
335 336
