0 2
1 3 4 8 7
10 5 6 9
11 13 12
16 14 15 17 19
20 21 18
26 22 24 23
25 27
33 28 29 30
35 31 39 34
36 32 37
38 41 40
43 42 44
48 45 46 49 47
53 56 50 51 52
55 54 58 57
65 60 64 59 61
66 62
63 68
71 67 69 72
70 74
78 75 76 73
77 79
85 83 80
86 81
89 82 88 84 87
93 91 90
94 95 96 92 97
104 98 100 101 103
99 102
105 107 106 108 109
110 112
114 111
118 115 113 116
121 117 122 119
124 120 123
134 126 129 125 127
135 131 128
137 130 132
140 133 142
138 136 144 139
145 141 143
152 146 148 151
153 150 147 154
157 158 155
161 149 159
168 156 160 162 164
169 163 165 166
173 167 170 172 171
182 174 175
178 177 176
181 183 179 184
189 186
192 180 188 185 187
195 191 194 190 193
200 196 198
202 197 201
199 204 205
209 206 203
212 211 210 208 207
218 213 215
220 214 217 216 219
224 221 222 223
228 226
230 225 229
227 231 233 235 232
241 234 238 242 237
240 236
246 239 244 243
251 248 247 245 250
249 253
254 255 252
258 256 259 260
257 261
263 264
269 265 266 262
273 267 268 270 275
276 271 272
279 277 278 281
282 285 280 274 284
283 287 290 292 286
288 289 296 293 295
297 291 294
302 298 299 300 301
306 303 304 305
308 309
314 307 310 316 317
312 311
315 318 313 322
320 321
326 319 323 324 325
330 327 328 329 332
333 335
334 340
339 331 337 336
347 341 345 338
346 342 348 344 343
353 349 354 350 352
358 351 355 357
361 356 359 360
363 364 365 369
371 362 366 367
373 370 368
377 375 376 374
372 382
380 378 381 384
392 379 383 386 385
388 394 387
389 390 395
396 391 399 393
398 400
403 404 397 401
406 402
411 405 408
407 409 412 410
415 417
418 416 413 419
423 414 420 421 424
422 426
432 425 427 428
430 431 429 434 433
435 436
441 440 437 439 438
444 442
450 443 446 447
451 448
453 452 449 454 445
455 457
460 456 458 459
464 461 463
465 462 466
467 468
471 469 473 470
478 476 479 472 474
477 480 475 481 482
483 487 484 485 492
494 489 486 490
488 498 491 493
499 495 497
