1 2 3 0
9 10 11 8
4 5 6 7
17 18 19 16
12 13 14 15
25 26 27 24
21 22 23 20
33 34 35 32
28 29 30 31
36 37 38 39
41 42 43 40
49 50 51 48
44 45 46 47
57 58 59 56
52 53 54 55
65 66 67 64
61 62 63 60
73 74 75 72
68 69 70 71
76 77 78 79
81 82 83 80
89 90 91 88
84 85 86 87
97 98 99 96
92 93 94 95
105 106 107 104
101 102 103 100
113 114 115 112
108 109 110 111
116 117 118 119
121 122 123 120
129 130 131 128
124 125 126 127
137 138 139 136
132 133 134 135
145 146 147 144
141 142 143 140
153 154 155 152
148 149 150 151
156 157 158 159
161 162 163 160
169 170 171 168
164 165 166 167
177 178 179 176
172 173 174 175
185 186 187 184
181 182 183 180
193 194 195 192
188 189 190 191
196 197 198 199
201 202 203 200
209 210 211 208
204 205 206 207
217 218 219 216
212 213 214 215
225 226 227 224
221 222 223 220
233 234 235 232
228 229 230 231
236 237 238 239
241 242 243 240
249 250 251 248
244 245 246 247
257 258 259 256
252 253 254 255
265 266 267 264
261 262 263 260
273 274 275 272
268 269 270 271
276 277 278 279
281 282 283 280
289 290 291 288
284 285 286 287
297 298 299 296
292 293 294 295
305 306 307 304
301 302 303 300
313 314 315 312
308 309 310 311
316 317 318 319
321 322 323 320
329 330 331 328
324 325 326 327
337 338 339 336
332 333 334 335
345 346 347 344
341 342 343 340
353 354 355 352
348 349 350 351
356 357 358 359
361 362 363 360
369 370 371 368
364 365 366 367
377 378 379 376
372 373 374 375
385 386 387 384
381 382 383 380
393 394 395 392
388 389 390 391
396 397 398 399
401 402 403 400
409 410 411 408
404 405 406 407
417 418 419 416
412 413 414 415
425 426 427 424
421 422 423 420
433 434 435 432
428 429 430 431
436 437 438 439
441 442 443 440
449 450 451 448
444 445 446 447
457 458 459 456
452 453 454 455
465 466 467 464
461 462 463 460
473 474 475 472
468 469 470 471
476 477 478 479
481 482 483 480
489 490 491 488
484 485 486 487
497 498 499 496
492 493 494 495
