0 5 3 2 6
7 4
11 8 9 1 10
12 15 13
14 19
21 16 18 17 20
22 24
29 23 27 26
28 25
31 33 30
35 36 37
38 32 34 39
40 43 42 41
46 44 45
47 49
56 48 50 51
57 53 54 52 55
60 59 58
66 64 61 63
74 65 68 62 70
67 69 71
77 73 75
72 76
82 85 80 78
88 79 81 83 84
87 86
92 89
99 93 90 91
96 94
102 95 97 98 100
101 103 110 104
105 106
116 108
114 109 107 111 112
119 113 117 115 118
120 122
128 121 127 125 123
124 126 135
136 131 129 130 132
134 138 133
142 137 139
150 140 141 144 146
148 143 145 147
153 151 149
157 158
154 152
159 155 156
164 170 162 161 160
165 167 163 166
171 168 169
174 173 176 172 177
175 178 180
181 179
186 182
185 187 184 183
190 188
189 191
192 193 194
201 195 199
198 200
203 197 202 196 204
205 206 207
208 210
209 214
216 213 211 212
223 217 215 218
225 219 220 221 222
226 224 227 228
230 229 231
232 233
242 235
236 237 234 238
244 239 240 241
256 247 243 245 249
251 246 248 250
255 258 252 253
257 261 254 262 263
260 259
266 264
269 267 268 265
274 270 271 276 272
277 273
281 275 278
283 279
280 286
288 284 282 287 285
293 289 290 292 294
299 297 295 291
305 298 304 302
301 300 296 306 303
308 309
314 310 315
313 307 311 312
319 316
320 317 318 321
324 322 326
328 323 327 325
330 329
335 333 332 331 334
339 338
344 336 337 340
341 343 342
345 347 348
346 349
353 350 351
356 352 354 358
365 357 355 359
366 362 360 361 364
363 369
372 368 370
371 374 367
376 373 375
377 378 380 379
381 384 382
390 385 386 383
391 389 387 388
397 393 395 396 392
403 398 394 400 401
404 399
405 402
412 409
410 406 408 407
416 411 414
415 417 419
418 420 413 421 428
422 425 426
427 423 424
431 429 433 430 432
435 434
439 442 436 437 438
441 444 440 446 448
445 447
450 443 449 456
454 451 453 457 452
455 461 458 463
465 459 460 462
468 469
477 473 470
466 467 464 472
471 474 475 478
480 476 479 482
483 487 485 481 484
486 488
491 489 492
493 495 494
496 497 498 499 490
