58 116
126 183
1 167
20 33
29 171
66 36
12 189
80 115
104 155
112 108
121 65
131 158
137 73
152 101
0 24
105 194
17 11
45 91
26 83
32 40
25 3
57 125
30 132
64 106
51 60
82 56
120 193
18 38
34 144
123 41
160 147
130 164
195 102
163 97
74 100
178 136
6 75
9 172
180 67
92 161
150 181
192 99
196 68
2 90
54 179
7 93
186 35
140 124
5 16
10 19
88 48
59 162
128 42
27 197
52 113
79 191
107 98 81 37
43 63
185 78
190 72
122 71
14 138
50 84
143 151
96 129
146 31
168 156
187 114
199 76
148 166
176 70
139 170
28 135
118 149
157 87
173 188
133 174
159 21
119 94
184 95
