48 28
50 30
56 36
58 38
64 44
112 92
113 93
120 100
121 101
128 108
129 109
175 155
176 156
177 157
178 158
183 163
184 164
185 165
186 166
191 171
192 172
193 173
194 174
241 221
242 222
249 229
250 230
257 237
258 238
306 286
312 292
314 294
320 300
322 302
376 356
377 357
384 364
385 365
439 419
440 420
441 421
442 422
447 427
448 428
449 429
450 430
6 5 0 8 7
16 2
24 4
25 26
27 47
72 73
80 81
88 89
91 90
99 98
107 106
136 137
138 130
144 145
146 132
152 153
201 200
220 240
223 243
202 203
195 196
209 208
228 248
231 251
210 211
217 216
236 256
239 259
218 219
272 261
279 280
336 337
355 354
363 362
400 401
408 409
32 9
29 49
31 51
1 12
10 11
33 34
35 55
13 14
40 17
37 57
39 59
18 19
3 20
41 42
43 63
21 22
65 66
70 71
96 97
115 95
74 75
76 77
94 114
104 105
123 103
83 82
102 122
84 85
67 68
78 79
69 86
160 161
162 139
159 179
131 142
140 141
168 169
170 147
167 187
148 149
150 133
154 134
204 224 225 226 227
205 206
232 233
234 235
212 213
214 215
197 198
288 265
285 305
287 307
266 267
289 290
291 311
269 270
296 273
293 313
295 315
274 275
276 262
297 298
299 319
278 277
352 353
371 351
331 330
350 370
332 333
360 361
379 359
339 338
358 378
340 341
368 369
387 367
416 417
418 395
415 435
396 397
424 425
432 433
264 281
260 268
301 321
282 283
324 304
303 323
328 329
325 326
334 335
345 344
342 343
346 347
386 366
348 349
392 393
402 391
412 411 394 414 413
451 431
454 434
390 398
426 403
423 443
404 405
