4 1 0
9 2 7 5
8 3 6
10 11
14 12 13
15 16 17 18
22 23 19 20 21
24 25 26
30 27
28 29 34
35 31 33 32 36
39 37 38
44 41 40 43
47 42 45
46 50 48
54 49 51 55
56 53 52
57 59
63 58 61 60 64
62 65
71 66 67 68
70 69 73
75 82
72 77
84 74 78 76 83
80 79
86 81 90 85 87
88 89
94 91 92 93
95 99
100 96
97 98
101 103 107
104 105
110 102 106 108
109 112 111 113 120
118 116 114 115
122 117
123 124 121 125 119
126 127 130 128
132 131 129 133
136 137 134 143
138 139 140 142
147 144 141
149 135 146 145 148
151 150
157 152 155 156 158
160 154 153 159 161
164 162 163 165 166
170 169 168
167 172 171 174
176 173
179 175 177
180 182 181 178
185 184 187 183 188
186 190 189
194 191 192 193
195 198
199 196 201 200 197
203 202
205 206
210 207 209 204 208
215 211 216 212 214
219 213
221 217 222 220
227 223 226 218
230 224 231 228 229
225 232
234 233 236 240
238 237 235
239 241
246 242 243 245 252
249 244
253 247 248 250
255 254
257 260 251 256
262 258 259 261
263 266 264 265
273 267 268 271 272
276 269 275 274
270 281
278 277 280
283 279 282
288 284 287 285 286
293 289 290 291
294 295
305 298
296 297 299
300 292
301 302
310 303 304 306
307 308
311 309 312 313
315 314
317 316 320 318 319
324 322 321
326 327 325
323 328 331
332 335
336 329 333
340 337 330 338
342 339
343 341 334
345 346 344 348
350 351 353 347 352
358 349 356 355
354 357 359 363
368 360 364
362 365 361
366 369 371
374 372 367
377 373 370
380 375 381 378
384 376 379 383 382
388 385 386
389 387 390
394 391 393 395
392 396 397 398 399
401 404 400
405 402 403
412 406 408 409
414 407 411 410
417 416 415 413
418 419
423 422
421 428 420 427 429
430 426 424
431 433 432
437 438 434
435 439 425 436
443 441
444 440 445 450 442
447 448
454 446
451 456
452 453 458 449
457 455 459
464 462 460 463
467 461 465
468 469
472 466 471
473 470 474 475
482 476 479
480 478
488 477 481 483 484
487 485 490 486
495 489 492 491 494
496 497 493 498
