0 2 1 4
8 3 7 6 9
5 11
12 13 10 14 17
18 15
22 20 19 21 16
24 25
23 26
30 28 29
32 31 27 33
37 39 34 36 35
42 38
40 41
47 43 48 46 44
56 45 49 53
52 55 57 50 51
58 62 54 60
59 61
65 70 67 63 64
69 66 68 73
76 71 72 74 75
79 78
84 81 80 82 77
85 83 86
90 87 89 88
92 95 91 93 94
98 97 96 99
102 100 103 101 105
108 106
110 104 107
116 109 112 113 114
115 111
118 117
124 120
121 119
127 125 122
128 129 123 126
131 134 130 133
137 132 135
139 136
141 140 144
145 138
153 142 148 143 146
149 147 154 151 152
157 155 156
150 159 160 158
162 163 161 164
168 166 169 165
180 175 172 170 167
179 171 173 178 176
174 177 186
183 185 181 182 184
189 187 188 191 192
196 190 193 195
198 194 197 203 204
202 199 205 201
206 208 200 210
209 207 211 212 213
214 215
223 218 217 219 216
220 221 227 222
225 224
230 229 226 228 231
235 233 234 232
238 236 237 239 240
242 241
248 244 245 246 243
247 249
251 250 256 252
254 253
258 255 257 259
266 260 261
262 263 264 269 267
265 268 270 272
275 274
276 271 277 273
281 284 278 279
287 280 282
285 283
291 286
293 290 289
295 288 292 294 296
301 297 299 300 302
305 303
306 304
308 298 311 307
314 309 310
316 312
321 315 317 318 313
324 320 319 322
325 326 323 327 329
328 330
331 332
338 333 334 336
335 340 337
344 339
343 342 346
349 341 348 345 347
353 351 352 355 354
357 359 350 356
361 360 358
363 365
362 370 364
366 369 367 371 368
373 374
376 375 372 377
380 378 382 379 383
386 381 384
385 387
389 390 391
394 392 388
398 396 395 393
400 399 397
401 406
403 402 404 405
409 407
410 412 408 411 416
419 413 414 415
418 417 421 420 422
423 425 424 426 427
428 429
432 430 433 431
438 434 435 437 436
445 440 441
446 439 442 444 443
449 447 448
454 450 452 453
456 451 457 458 455
459 460 461
464 466 462 463
472 465 468
470 469
473 467
471 474 477 480
476 481
482 478
479 484 475 483 485
487 489 490 488
493 486 491 492
