3 0 1 2 5
6 7 4
9 10
13 8 12
20 11 16 18 17
21 14 15
22 19
28 23 24 25 27
30 29 26 35
32 31
34 33
36 37
40 39 41 38
46 47
51 42 45 44 43
56 49 53 55 59
52 48 50 57 54
63 60
64 62 58 65
67 61 66 69
71 76 70
72 68
74 73
77 78
79 75
84 80 82 81
91 83 87 85 88
90 86 95 89 92
99 93 98 96 94
104 100 97 102 101
107 105 106 108
113 110 103 112
117 111
116 109 114 115 119
121 120 118
124 125 123
127 122 128
131 129 132 126 130
135 133 134
136 139
140 137 138
145 141 143 142
148 144 146 147
149 151
153 154
157 150 152 159 156
163 158 155
166 162 160
164 161
167 165
170 171 168 169
173 172
179 174 175 176 177
180 178
184 182 181
183 186 193
189 191 185 187
195 192 188 190 194
199 197 196 198
203 202 207 201 206
204 200
209 205
212 208 210 211
213 217 215 214
216 218 220
224 219 222 225 221
229 226 223
231 230 227 228
233 232
239 237 236 234
240 238 235
244 241 243 245
242 248
251 247 249 250
253 254
258 252 246
261 255 256 257
262 260 259
264 263
265 266
267 268
272 269 270
276 274 271
277 275
281 273 278 279
287 282 280 285 286
288 284 289 283
292 290 291 293 297
296 294 295 302
301 299 298 303
307 305 306 300 312
310 308 304 311
314 309 316 313
315 318 320 317
326 321 319 322 323
325 324
327 333
330 328 335
331 329
332 334 336 338 342
343 337
341 339 340 344 345
349 346 347
355 350 352 348
353 358 351 356 362
354 357
364 363 359 361
360 365 366 367
