1 0 5 2
7 4 6
12 3 15 8
10 9
14 17
16 11 13
20 18 21 19
23 25 22
26 24
28 27
29 33 31 37
35 34
38 30
41 32 36 40
44 43 39
46 42 45
49 48 47
52 51 57 50
55 58 54 56
60 53
62 66
64 61 59 63 67
70 65 69 71
73 72
77 74 68
75 80 78 76
83 81 82
85 84
87 86 79 88
92 89 91 90
93 96
94 95
98 97 99
100 105 101 104 102
106 107 103
117 110 112 109
113 108 111 114 116
119 120 115
122 118 121
128 125 126 124 123
132 129 127
130 131 133 134
138 135 136 139 137
141 140 142
148 143 144 146 145
147 149 151 153 157
156 154 150
159 152 158
162 164 155
160 161 168 165
167 163 166 170 169
171 172
173 175 176
177 174 178
182 179
181 186
184 183 180 191 185
188 187
190 193 189 192
195 194 197 198
196 199 200 201
203 202
207 205 208 204
210 206
209 211
214 213
212 216 215
223 217 221 219 220
222 227
228 224 218 225
229 231 233
235 226 234 230 232
238 237 236
244 240
247 241 242 243 239
249 245 246 248 251
252 253 255 254 250
256 257 258 259
261 260
268 262 263 265 266
267 264 271
269 270 277
274 275 272 273 278
280 279 276
287 281 284 282
288 283 286 285
291 289 290
297 296 292 293 294
295 299 300 301
298 304
305 307 303 306 302
309 310
308 312 314
311 313 316
322 318 315 319
320 323 317
328 321 324 325 326
331 330 327
329 333
337 335 339 334 332
340 338 336 343 346
341 344 345 348
342 347 356 350
351 352
353 358
357 349 355 354
359 360
365 361 362 367 363
368 366 364 369 370
376 372 373
375 378 374 371 377
383 380 379 381 384
387 382 385 386
390 388 389
391 395 393
396 397 392
398 394
399 400
401 406 403 402 407
408 405 404 409
414 411 413
416 410 412 415
421 419 417 418 420
423 422 424
426 425 427 430
431 428 432
434 429
439 435 437 433
441 438 440 436 442
444 446 445 447 449
451 443 448 450
453 452 454
459 455 457 456 460
468 463 458 462 464
465 461
475 466 469 467 470
474 472 471 473
477 481 479 478 476
482 484 480
490 483 485 486
487 488
491 489
498 493 492 494
495 497
496 499
