4 0 1 3 2
7 6 5 8 9
11 10 12
14 13
18 17 16
15 19
21 24
25 22
29 26 20 23 27
35 28 30 31 33
37 34 32 36
41 38 39 40
42 45
43 44
47 46 49 51
53 50
56 48 52
62 55 59 54 61
60 63 57 64 58
65 67 66
71 68 69 70
75 73 74
79 76
72 77
82 80
78 81 83
84 85
87 88 86
91 89 90 92 95
96 93 94 100
101 97 99 102 98
105 103 104 107 108
109 106
114 112 110
116 113 111 115
120 118 119 117 123
124 121 127 126 122
128 134 125
138 129 130 131 135
133 137 132
136 139 140 141
142 143
149 144 147 145
151 146 148 150 152
159 153 154 155
160 156 157 158 161
164 165
162 168 163 172
170 169 166
175 173
171 167 174 178 176
180 182 177 179
183 185 184
189 186
190 188 181
196 192 187
199 193 191 195 194
203 197 200 198
204 208 201
216 205 202 206 210
211 209 207 212 214
213 219 215
222 217 218 220 221
224 225 223
228 226 227
230 229
234 232 231
238 236 233 235 237
242 239 240
244 243 241
247 250 245 246
253 248 252
249 254 251 256
255 258
262 257
263 259
266 261 264 260
271 267 268 269
276 270 265 273 272
281 277 275 279
278 274 280 282
285 284 286 287
290 283 289 291 288
292 295 293
296 294
300 298
302 299 301 297
305 303 304
308 306 307 309 310
314 311
316 315 312 313 319
322 317 320 321
324 318 327 325 323
326 329 330
335 328 333
338 336 331
342 334 332 339 337
341 340 347
346 343
353 344 345 348 354
349 351
355 350 352 357 359
358 356
360 361
362 363
367 365 364 366
368 370
369 371
372 373
377 375 374 376
378 379 380
382 381
388 384 383 385
392 393 386
395 391 389 390
397 394 396 387
398 399
