1 0
6 3 2 4 5
9 8 7 11 10
14 12 13
17 16 15
18 19
23 20 21 22
27 25 24 26
28 29
33 30 31 32
36 34 35
39 38 37
44 40 41 42 43
49 45 46 47 48
53 50 51 52
55 54
59 57 56
62 58 60 61
63 64
65 66
67 68
73 69 70 71 72
77 76 74 75
78 79
84 80 81 82 83
85 86
91 87 88 89 90
96 92 93 94 95
99 97 98
102 100 101
107 104 103 105 106
108 109
112 110 111
114 113
118 116 115 119
120 121
125 122 117 123 124
126 127
132 129 128 130 131
136 133 134 135
137 138
143 139 140 141 142
148 144 145 146 147
152 149 150 151
155 153 154
160 157 156 158 159
161 162
170 163 165 164
166 167
173 168 169 171 172
176 174 175
179 177 178
180 181
186 182 183 184 185
188 187
193 189 190 191 192
198 194 195 196 197
199 200
204 201 202 203
209 205 206 207 208
214 210 211 212 213
218 216 215 219
221 220 217
226 223 222 225 224
227 228
229 230
231 232
236 233 234 235
240 237 238 239
241 242
247 243 244 245 246
249 248
250 251
252 253
255 254
260 256 257 258 259
263 261 262
267 265 264 266
268 269
272 270 271
277 273 274 275 276
279 278
284 281 280 282 283
286 285
290 287 288 289
293 291 292
295 294
296 297
302 298 299 300 301
303 304
309 305 306 307 308
311 310
314 312 313
315 316
321 317 318 319 320
323 322
327 324 325 326
329 328
334 330 331 332 333
338 335 336 337
342 339 340 341
345 343 344
346 347
352 348 349 350 351
357 353 354 355 356
360 358 359
361 362
366 364 363 365
369 367 368
374 370 371 372 373
377 375 376
382 378 379 380 381
383 384
388 385 386 387
391 390 389
395 392 393 394
398 396 397
403 400 399 401 402
404 405
409 408 407 406
411 410
415 413 412 416 414
417 418
420 419
424 421 422 423
425 426
430 427 428 429
434 433 431 432
438 435 436 437
440 439
445 441 442 443 444
447 446
448 449
452 450 451
453 454
456 455
459 457 458
463 460 461 462
468 464 465 466 467
472 469 470 471
476 473 474 475
481 477 478 479 480
485 482 483 484
487 486
492 488 489 490 491
493 494
496 495 497 498 499
