3 0 1 2 4
5 6
7 8
10 9
14 11 12 13 15
19 16 17 18
23 20 21 22
26 24 25
27 28
33 29 30 31 32
35 36 34
41 37 38 39 40
45 42 43 44
46 47
52 48 49 50 51
55 53 54
58 56 57
61 59 60
62 63
67 65 66 64
71 68 69 70 72
76 73 74 75
78 77
79 80
85 81 82 83 84
87 86 88
89 90
94 91 92 93
99 95 96 97 98
101 100
102 103
108 104 105 106 107
112 109 110 111
116 113 114 115
117 118
123 119 120 121 122
127 125 124 126
130 128 129
134 131 132 133
136 135
140 137 138 139
143 141 142
147 144 145 146
151 148 149 150
154 152 153
158 155 156 157
161 159 160
164 162 163
168 165 166 167
173 169 170 171 172
178 174 175 176 177
180 179
182 181
186 183 184 185
191 187 188 189 190
192 193
197 194 195 196
198 200
204 199 201 202 203
209 205 206 207 208
212 210 211
214 213
218 215 216 217
221 220 219
226 222 223 224 225
229 227 228
231 230
235 232 233 234
237 236 238
241 239 240
246 242 243 244 245
251 247 248 250 249
254 252 253
257 255 256
258 259
260 261 262
264 263
268 265 266 267
269 270
273 271 272
278 274 275 276 277
279 280
282 281
283 284
289 285 286 287 288
290 291
296 292 293 294 295
297 298 299
