1 5
4 0 2 3 6
11 7 8
10 9
14 13 12
16 15 18
23 24 19
22 20 21 17 26
27 25
29 30 28 34 31
33 36 32 38 37
43 39 35 40 41
44 46
42 47
45 48 49 51 50
52 53 54
58 57 55 56
65 59 62 61 60
67 63 66 64
69 68
73 71 70 72
74 76
81 78 75 77
79 82
88 80 87 85 83
90 84 89 86
92 91
93 98
97 94 99
103 95 96 100
106 101 102 104
109 105
111 107
113 108
116 115 110 112 114
121 117 125 120
123 122 119 118 136
126 124
127 130
128 132 135 129 138
131 133
141 137 140 139 134
142 143
144 145
153 147 148 146
152 149 150
159 154 158
155 151
160 161 156
164 157 163
168 162 166 167
165 169
175 170 171 172 173
181 178
179 174 182
176 177 180
184 183
187 190 185
191 186 189
188 192
197 194 195 199 193
203 196 200
198 204 201
205 202
210 206 207 208 213
216 212 214
209 218
217 211 215
226 221 224
227 219 222 233
234 220 230 223 225
228 231 229
241 235 236
238 232
244 237 239 240
246 242 243 245 249
247 252
251 248 250
253 255 254 256 257
260 261 259
262 264 258
268 263 266 267 265
270 271 269 274 272
279 273 275 276
282 278 277 280
286 287 285 281 289
292 291 284
293 288 290 283 298
302 294 296 297 299
303 300
301 304 295
305 306
