2 4 0 1
6 5 3 7
10 8 9
15 12 13 11
14 18 16 17
22 20 19 21
26 23 24 25 27
28 30
31 29
36 32 34 33 37
39 40 38 35
46 42 43 44
52 50
45 47 41 53
49 54 48 51
57 60 55 56 58
59 61
65 63 62 64
66 69 67
68 70 72 74
71 76
73 75 77
80 78 79
84 82 81 83
86 85
91 87 88 90 89
92 94
97 96 93 95
100 101 98 99
102 103
110 104 105 107 106
108 109 111
117 112 113 114 115
116 118 119 120 122
121 124
123 128 125
131 126 129 130 127
134 137 132 133
138 135 136
142 139 140 141
144 143
145 146
151 147 149 148 150
152 153
155 154
156 157 158 159 160
161 166 165
162 163
167 173 164 168
170 169
172 174 176 171 185
175 179
178 180 177 181 182
189 184 186 190 187
188 192
183 194
197 195 191 193 196
200 198 199
206 201 202 203
209 208 204 205
207 210 212
211 213
218 216 214 215 217
222 220 219 221
226 223 224 225
229 227 228 230 232
236 231 233 234
235 237
241 239 238 240 242
245 243 244
250 247 246 248
249 251
255 252 253 254 256
261 257 258 259 260
264 262 263
270 265 266 267
269 268 271
275 272 273 274
276 277
282 278 279 280 281
288 284 283 285 287
286 289
293 290 292 291 294
299 295 297 298
300 301 302 304
296 303 306 308 305
307 311
312 309 310 313 314
315 316
319 321 317 320 318
323 324 325 322 326
328 327 329
331 336 332 333 330
335 334 337 338
344 339 340 341 342
343 348
350 345 346 347 349
353 352 351
354 360
355 356 357 358
363 359 361 362
366 364
365 369
370 367 368
373 372 371 375
377 376 374
379 380 378 382
381 383 385 386
384 387 388 393
391 396 389 390
394 395 392
399 401 397 398
403 400 402
408 404 405 406 407
410 412
411 414 413
409 415 416 417
422 419 418 421 420
425 427 423 424
430 426 429 428
432 433
431 434 436
437 435
442 438 439 440 441
449 443 445 446 444
451 447 448 450
452 453
456 455 454 457
460 458 459
461 462
467 463 464 465
469 468 470
466 475 471 472
477 474 473 476 479
482 478 480 481 483
485 494 484 486
490 487 488 489
491 493 492 497
495 496
