10 11 12 1
4 5 6 2
3 7 8 9
16 17 18 14
13 22 23 24
15 19 20 21
34 35 36 25
28 29 30 26
27 31 32 33
40 41 42 38
37 46 47 48
39 43 44 45
58 59 60 49
52 53 54 50
51 55 56 57
64 65 66 62
61 70 71 72
63 67 68 69
82 83 84 73
76 77 78 74
75 79 80 81
88 89 90 86
85 94 95 96
87 91 92 93
106 107 108 97
100 101 102 98
99 103 104 105
112 113 114 110
109 118 119 120
111 115 116 117
130 131 132 121
124 125 126 122
123 127 128 129
136 137 138 134
133 142 143 144
135 139 140 141
154 155 156 145
148 149 150 146
147 151 152 153
160 161 162 158
157 166 167 168
159 163 164 165
178 179 180 169
172 173 174 170
171 175 176 177
184 185 186 182
181 190 191 192
183 187 188 189
202 203 204 193
196 197 198 194
195 199 200 201
208 209 210 206
205 214 215 216
207 211 212 213
226 227 228 217
220 221 222 218
224 225 219 223
232 233 234 230
229 238 239 240
235 236 237 231
