0 1
4 2
7 3 5 6 8
9 11
10 12 13
14 15
16 17 18 19
20 21
22 24
26 23 25
29 27 28
34 30 31
35 32 33
38 36 39 40
44 37 42 41 43
45 47
46 48
50 51 49
54 52 53
60 55 56 57 58
59 62
61 63
67 64 66 65
69 68
70 71 72
75 73 74
77 78 76
81 79
83 80 82
88 84 85 86
91 87 89 90
93 92
94 95
99 96 97
101 98 100
104 102 103
109 105 106 107 108
112 110 111 113
117 114 115 116 118
119 120
125 124 121 123
126 122 128 129
130 127
132 131 133
137 135 134 136 138
143 139 140
144 142 141
149 145 146 147 148
153 150 151 152
156 154 155
159 157 158
160 161
163 162
165 164
167 166 168
172 169 171 170
175 173 174
180 176 177 178
183 179 181
187 182 185 186 184
192 188 190 189 191
196 193 194 195
200 198 197 199
203 201 202
205 204 206
210 208 207 209 212
211 214
215 213
221 216 217 218
223 219 220 222 224
229 226 225 227 228
231 230
236 232 233 234 235
237 238 240
243 241 239 242
244 245
250 247 248 246 249
255 252 251 253 254
258 257 256 259
264 260 262 261 263
270 266 265 268 267
272 271 269
276 273 274
280 275 277 278 279
282 281
285 286 284 283
291 287 289 288 290
295 292 293 294
301 297 296 298
302 299
303 300
305 304
309 306 308 307
310 311
313 312
315 314
316 317 319
324 318 320 322 321
325 326 323
327 328
331 329
330 332
337 335 333 336 334
343 338 339 340 341
342 344 345
349 347 346 348
353 351 350 352
358 354 355 356 357
359 360
363 361
365 362 364
368 366 367
372 369 370 371 373
374 375
380 377 376 378
379 381
384 383 382
387 385 386
389 388
392 390 391 396
394 393 395 397
399 398
400 401
404 402 403 405
406 407
412 408 409 411 410
417 413 416 414 415
420 418 419
421 422
425 423 424 426
427 428
433 430 429 432 431
436 434 435 437
440 438 439 441 442
444 443 445 447 446
448 449
