9 10 11 12 1
5 6 7 8 0
17 18 19 20 3
2 13 14 15 16
4 21 22 23 24
34 35 36 37 26
42 43 44 45 28
27 38 39 40 41
59 60 61 62 51
67 68 69 70 53
52 63 64 65 66
80 81 82 83 75
55 56 57 58 50
54 71 72 73 74
30 31 32 33 25
29 46 47 48 49
76 84 85 86 87
77 88 89 90 91
78 92 93 94 95
79 96 97 98 99
105 106 107 108 100
101 109 110 111 112
102 113 114 115 116
121 122 123 124 104
103 117 118 119 120
130 131 132 133 125
126 134 135 136 137
146 147 148 149 129
142 143 144 145 128
127 138 139 140 141
155 156 157 158 150
171 172 173 174 154
167 168 169 170 153
163 164 165 166 152
151 159 160 161 162
184 185 186 187 176
192 193 194 195 178
177 188 189 190 191
179 196 197 198 199
209 210 211 212 201
205 206 207 208 200
175 180 181 182 183
217 218 219 220 203
202 213 214 215 216
204 221 222 223 224
234 235 236 237 226
242 243 244 245 228
227 238 239 240 241
259 260 261 262 251
267 268 269 270 253
252 263 264 265 266
280 281 282 283 275
255 256 257 258 250
254 271 272 273 274
230 231 232 233 225
229 246 247 248 249
276 284 285 286 287
277 288 289 290 291
278 292 293 294 295
279 296 297 298 299
305 306 307 308 300
301 309 310 311 312
302 313 314 315 316
321 322 323 324 304
303 317 318 319 320
330 331 332 333 325
326 334 335 336 337
346 347 348 349 329
342 343 344 345 328
327 338 339 340 341
371 372 373 374 354
367 368 369 370 353
363 364 365 366 352
359 360 361 362 351
384 385 386 387 376
392 393 394 395 378
377 388 389 390 391
379 396 397 398 399
409 410 411 412 401
405 406 407 408 400
380 381 382 383 375
350 355 356 357 358
417 418 419 420 403
402 413 414 415 416
404 421 422 423 424
434 435 436 437 426
442 443 444 445 428
427 438 439 440 441
459 460 461 462 451
467 468 469 470 453
452 463 464 465 466
480 481 482 483 475
455 456 457 458 450
454 471 472 473 474
430 431 432 433 425
429 446 447 448 449
476 484 485 486 487
477 488 489 490 491
478 492 493 494 495
496 497 498 499 479
