2 3 0 1
13 4 5 8 10
14 6
9 15 7 12
16 11 19 20
23 17 21 25
22 24 29 18 26
33 28 27 32
30 31
34 38
39 37 36
42 35
47 40 41 44 43
45 46 50
51 49
54 52 48 53
55 56 57
59 58
61 63 60
62 64 67 68
65 72 69
73 66 70 71
74 75
78 77 76 79 82
85 83 81 84 80
90 87 86 88 89
95 102 91 92
96 93 94 97 99
105 100 98 101 104
109 103 106 108 107
113 110
114 112 111 115 116
119 117 121
120 118
124 122 125 128
129 123 126 127 133
132 130 131
139 134 138
135 137
142 144 136 140 141
150 145 146 143 147
151 148 149 153 152
159 156 155
158 160 154 157
164 162
165 161 163
171 168 166 169 170
175 172
174 167 173
180 177 179 176
181 178
182 183
187 184 188 186
192 189 185
190 191 193
198 194 197 196
195 201 199
200 202
209 203 204 205 208
210 207 206
214 211 212
217 213 215
216 218 220 221
219 223 225
227 222 224 228
229 226
231 234
236 235 232 230
233 243
237 240
241 244 238 239 242
249 248 245
253 254 246 250
256 247 252
259 251 257 258
263 255 260
262 261
265 266
267 271
269 264 268
270 272
278 274 276 275
281 277 279
280 282
283 284 285
289 273 287 288
291 286 292
294 290 293
299 295 301 296 297
303 298 300 305 302
306 309 307 308 304
310 312 311 314
313 315 316
319 317
322 318 320 321
326 323 324 325
329 328 327
332 331
336 330 333 334 335
338 341 337
339 342
346 343 352 340
348 345 344
347 349 353
357 350 355 351 354
359 356 361 358 360
366 364 363 362
367 368
365 370
369 371
374 372 373 376
375 377
379 380 381 378 388
383 382 386 384
389 385 392
391 390
395 393 387
397 394
399 398 403 396 400
405 402 407 401 404
408 409 406
416 414 410 413
417 415 412 419
424 411 420 418
426 421 422 425 423
431 427 430
429 432 428
438 434 433
440 435 436 437
444 446 442 443 439
445 441
447 448
450 451 449 455
456 452 454 453
458 457 459
461 462
460 463 464 467
471 465 469 466 470
472 473
478 476 468 474 477
481 479 475
486 482 484 480 488
485 483
497 487 489 490 491
494 493 492 495
