0 1
5 2 3 4
6 7
8 9
10 11
12 13
14 15
16 17
18 19
20 21
22 23
24 25
26 27
28 29
33 30 31 32
34 35
36 37
38 39
44 40 41 42 43
45 46
47 48
49 50
51 52
53 54
55 56
57 58
59 60
64 61 62 63
65 66
67 68
69 70
71 72
77 73 74 75 76
79 78
80 81
82 83
84 85
86 87
88 89
90 91
92 93
97 94 95 96
101 98 99 100
102 103
107 104 105 106
108 109
110 111
115 112 113 114
119 116 117 118
120 121
122 123
124 125
126 127
128 129
130 131
132 133
134 135
136 137
138 139
140 141
142 143
144 145
146 147
148 149
150 151
152 153
154 155
156 157
158 159
163 160 161 162
164 165
166 167
169 168 171 174 175
170 172
173 176
177 178
180 179
184 181 182 183
185 186
187 188
189 190
191 192
193 194
195 196
197 198
199 200
201 202
203 204
205 206
207 208
209 210
211 212
213 214
215 216
217 218
219 220
221 222
223 224
229 225 226 227 228
230 231
232 233
234 235
236 237
238 239
240 241
242 243
244 245
246 247
248 249
250 251
256 252 253 254 255
257 258
262 259 260 261
266 263 264 265
267 268
269 270
275 271 272 273 274
279 276 277 278
282 280 281
283 284
285 286
287 288
289 290
291 292
293 294
295 296
297 298
299 300
301 302
307 303 304 305 306
308 309
310 311
316 312 313 314 315
317 318
323 319 320 321 322
324 325
327 326
328 329
330 331
332 333
337 334 335 336
340 338 339
345 341 342 343 344
349 346 347 348
350 351
352 353
354 355
356 357
362 358 359 360 361
363 364
365 366
370 367 368 369
374 371 372 373
375 376
377 378
379 380
381 382
383 384
385 386
387 388
393 389 390 391 392
394 395
396 397
398 399
400 401
406 402 403 404 405
408 407
409 410
414 411 412 413
415 416
417 418
419 420
421 422
423 424
425 426
427 428
429 430
431 432
433 434
435 436
437 438
439 440
441 442
443 444
445 446
451 447 448 449 450
452 453
454 455
456 457
458 459
460 461
462 463
468 464 465 466 467
469 470
471 472
473 474
475 476
477 478
479 480
481 482
483 484
485 486
487 488
489 490
491 492
493 494
496 495 497 498 499
