4 1 0
5 2
9 3 6
11 7 8
13 10 12
24 14 16 21
20 18 19
26 17 15 22
27 23 25
31 28 29 32
34 30
33 35 38 36
37 40 41
42 44
47 46 39 45
54 43 48 49 50
61 52 53 55 57
59 51 58
63 62 56 64 60
69 68 65 67
66 72
73 71 74 70
76 77 75 78
81 79 80 83
85 82
89 88 84 86
87 91 92 94
99 90 95 96
97 98 93 103 101
100 102
105 104 108
110 106 107 113 111
115 109 112 114
116 119
121 120 117 118
126 124 122 125 123
130 127 128 129
131 132
138 134 137 135 133
136 139
140 143 141
142 144
150 146 145 148 149
151 147 154
155 152
157 156
159 158 153
163 161 160 162
164 165
169 166 167
168 170 173
174 171 172
175 177
185 178 180 176
183 179 182 181
184 186
189 188 187 191
190 192 193 194
196 195 197
204 199 198 202
201 203
200 205
208 206 207 209
214 210 213 211 212
216 215 217
222 221 219 220
225 218 226 232
224 228 223 229
230 227 238 231 233
235 234 237
241 236 239 240
243 242
244 245 246
248 247
254 251 252 249
256 255 250
259 264 253 257 260
265 258 261 262
267 263 266 268
271 270 269 272
277 274 276 273 275
283 280 281 278 286
288 282 279 285 284
291 287 289 290 292
294 295 296
293 297 298
