0 2
3 1 4 5
11 9 6 8
15 7 14 13 10
12 17 18
20 21 22 19
29 23 16 24 25
26 27 33 28 32
35 31 36
38 30
34 37 40
42 39 41 45
44 46 43 47
50 49 53
48 54 51 55 56
58 52
60 57 59
67 63 64 65 62
71 69 66
61 68 70 72
75 74 73 76
79 78 77
80 83 82
88 85 84
86 81
87 90 89 94
93 92
95 96 97
100 98 91 104
105 102 99 101 103
107 108 106
116 109 112
111 110 113
115 114 117 118
125 121 119 120 123
126 122 131 124
133 128 127 129 130
134 132 135 136
141 137 138 139 140
147 143 144 146 145
142 149 148
155 150 153 156
158 151 152 154 157
165 159 163 160 161
167 164
166 162 171 168
172 173 169 170
176 174 177
179 175 178
182 181 184 180
185 187
186 183
188 189 193
191 190 194
192 195
197 199 196
200 198 203 202
209 207 204 201 205
210 206 211 208 212
213 214
217 218
215 219
221 216 220 222
225 224 223 228
233 230 226 232 231
234 236
237 227 235 229 238
239 240 241
246 242 244
250 243 249 247
253 245 248 251
255 254 256
252 257 260
261 263
264 258 262 259
266 267 265 269
268 272 270
271 274 273
276 275 277 282 279
278 280 283 284
286 281
285 287 292
289 288
294 291 290 293
298 295
297 296 301
305 300 299 303 304
306 302
319 307 308 312 313
311 309 310 314
318 320 316 315
326 317 322 323
327 330 321
324 328
325 329
338 331 332 333 337
334 341
335 339 342 336 340
352 343 348 344 345
349 346
357 351 347 350 353
354 356
363 355 358 360
365 359 361 362 364
366 367 368
369 370 371 372
376 373 374 382
375 378
381 377 379 383 380
384 387 385
389 390 388 386
394 392 393 391
395 396
398 399 397
406 400 401 402 403
407 405 404 409
408 410
412 411
413 417
414 418
422 415 416
423 421 419 420 424
426 425 429 427
428 431
430 433 434
435 432
437 438 440 436
443 441 439 442
444 445 448
451 447 446 449
452 450 453
454 455 456
460 457 459
463 464
465 461
466 458 462 468 469
471 467
474 472 470
477 475 473 479 478
482 476 481 480
483 485
488 484 486 487
490 491 489
492 493 495
497 498 494 496 499
