1 0
5 2 3 4
6 7 8
13 9 10 11 12
16 14 15
21 17 18 19 20
26 24 23 22
30 25 27 28 29
32 31
34 33 35
40 36 37 38 39
43 41 42
45 44
49 46 47 48
54 51 50 53 52
58 55 56
62 57 59 61
60 63
66 64 65
72 68 67 69 70
71 73
75 74
78 76 77
79 80
84 81 82 83
89 85 86 87 88
93 91 92 90
95 96 94
99 97 98
103 100 101 102
105 106
110 104 107 108 109
111 113
112 115
119 114 116 117 118
123 120 122 121 124
130 125 126 127 128
132 129 131 133
138 134
140 135 136 137 139
145 141 142 143 144
150 147 146 148 149
153 151 152 154
156 155
161 157 158 159 160
164 162
169 163 165 167 166
172 168 170 171
177 173 174 176 175
181 178 179 180
186 182 183 184 185
188 187
192 189 191 190 193
194 198
199 195 196 197 202
203 201 200
210 204 205 206 207
209 213 208
212 211 214
218 215 216 217
221 219 220 222
227 223 225 224 226
230 228 229
233 231 232
235 234 236
239 237 238
241 240
242 243
248 244 245 246 247
249 250 251
254 252 253 256
258 255
261 257 259
265 260 262 263
267 264 266
268 269
275 272 270 271 273
274 276
280 277 278 279 281
285 282 283 284 286
287 288
290 289
294 292 291
296 293 295 297
299 300
302 298 301 303
306 305 304
311 307 308 309 310
316 312 314 313 315
317 318
322 319 321 325 320
324 323
329 326 327 328
330 331 333
335 332 337 336 334
339 338
344 340 341 343 342
350 345 346 347 348
351 349 352
356 354 353 355 357
358 359
366 360 361 362
363 364
370 365 367 368 369
375 372 373 371
376 374
381 377 378 379 380
382 383 384 386 385
389 387 388
393 391 390 392 394
399 395 396 397 398
402 400 401 403 405
409 404 406 408 407
412 410
414 413
417 411 415 416
421 418 419 420
422 424 426
428 423 425 427
430 429
433 431 434 432
437 438 435 436
439 442
444 440 441 443
446 445
450 447 448 449
451 452
459 453 454 455 456
457 458
460 462 461 463
467 464 465 466
469 470 468 471
473 472 474 475
481 476 477 478 479
483 480 482
486 484 485
488 487 489
492 490 491 493
495 494
496 497 498 499
