5 8 9 7 6
20 23 24 22 21
45 48 49 47 46
60 63 64 62 61
85 88 89 87 86
100 103 104 102 101
125 128 129 127 126
140 143 144 142 141
165 168 169 167 166
180 183 184 182 181
205 208 209 207 206
220 223 224 222 221
245 248 249 247 246
260 263 264 262 261
285 288 289 287 286
300 303 304 302 301
325 328 329 327 326
340 343 344 342 341
365 368 369 367 366
380 383 384 382 381
405 408 409 407 406
420 423 424 422 421
445 448 449 447 446
460 463 464 462 461
485 488 489 487 486
0 3 1
2 4
10 13 11
12 14
25 28 26
27 29
35 38 36
37 39
40 43 41
42 44
50 53 51
52 54
65 68 66
67 69
75 78 76
77 79
80 83 81
82 84
90 93 91
92 94
105 108 106
107 109
115 118 116
117 119
120 123 121
122 124
130 133 131
132 134
145 148 146
147 149
155 158 156
157 159
160 163 161
162 164
170 173 171
172 174
185 188 186
187 189
195 198 196
197 199
200 203 201
202 204
210 213 211
212 214
225 228 226
227 229
235 238 236
237 239
240 243 241
242 244
250 253 251
252 254
265 268 266
267 269
275 278 276
277 279
280 283 281
282 284
290 293 291
292 294
305 308 306
307 309
315 318 316
317 319
320 323 321
322 324
330 333 331
332 334
345 348 346
347 349
355 358 356
357 359
360 363 361
362 364
370 373 371
372 374
385 388 386
387 389
395 398 396
397 399
400 403 401
402 404
410 413 411
412 414
425 428 426
427 429
435 438 436
437 439
440 443 441
442 444
450 453 451
452 454
465 468 466
467 469
475 478 476
477 479
480 483 481
482 484
490 493 491
492 494
16 17
19 18
31 32 34 33
56 57
59 58
71 72 74 73
96 97
99 98
111 112 114 113
136 137
139 138
151 152 154 153
176 177
179 178
191 192 194 193
216 217
219 218
231 232 234 233
256 257
259 258
271 272 274 273
296 297
299 298
311 312 314 313
336 337
339 338
351 352 354 353
376 377
379 378
391 392 394 393
416 417
419 418
431 432 434 433
456 457
459 458
471 472 474 473
496 497
499 498
