3 1 0 2 4
8 5 6 7
11 10 9
16 12 13 14
15 19
23 18 17 21 22
27 24 20 26 25
30 28 29
35 32 31 33
36 34
39 37 41 38 43
40 42
45 44
50 46 47 49 48
54 51 52 53
56 55
60 57
62 58 59 61
66 63 64 65
67 68
71 73 69 70
76 72 75 74
81 78 77 80 79
84 83 82 86
90 85 87 88 89
92 91
94 93
97 95 96
100 99 98
101 102
103 104
112 105 106 108 107
113 109 111 110
115 114
116 117 118 119 122
123 120
126 121 124 125
129 127
128 130
135 131 132 133
138 134 136 137
143 140 139 141 142
147 145 144 146
150 148
149 151
156 152 153 154 155
157 158
160 159 161 163 164
167 165 166 162
171 168 169 170
174 172 173 175 178
179 176 177
183 180 181 182
184 185
189 186 187 188 190
195 191 194 192 193
198 196 197 199
203 200 201
205 204
202 206
211 207 208 209 210
214 212 213
215 216 217
221 218 219
222 220
223 224
227 225 228 226
229 230 231
234 232 233
237 235 236
239 238
241 240
245 242 243 244
250 246 248 247 249
255 251 252 253 254
259 256 257
260 258
263 261 262 264
268 266 265 267
269 270
272 271
274 273
279 276 275 277 278
281 282 280
287 284 286 283 285
289 288 290
293 291 292
298 294 295 297 296
301 299 300
305 302 303 304
310 307 306 308 309
313 311 312
317 315 314 316 318
320 319
325 321 322 323
326 324
328 329 327
333 331 330 332
336 334 335
337 338 339
341 340
346 342 343 344 345
351 347 348 349 350
356 353 352 354
358 357 355
363 359 362 360 361
368 364 365 366 367
371 369 370
375 372 373
378 374 376 377
380 379
384 382 383 381
385 386
391 387 388 389 390
393 394 392
398 397 395 396
401 399
406 400 402 404 403
408 405 407
413 410 409 411 412
418 414 415 416
420 417 419
425 421 422 423 424
426 429
427 428
431 430
435 432 433 434 437
439 438 436
443 440 441 442
444 445
446 447
452 448 449 450 451
454 453
460 455 456 457 458
459 461 462
467 464 463 465 466
472 468 469 470 471
476 473 474 475
480 478 479 477
482 481
484 483
485 486 487
490 488 489
492 491
497 493 494 495 496
498 499
