2 0
4 1 5 3
8 6 7
11 9 10 13
14 12 18 15
17 16
21 19 20
23 22 25
28 24 30 27 29
32 33
34 31 26 40
37 36
44 35 39 38
43 45
42 41 46
51 47 48 49 50
56 52 53 54
55 57
58 59 60
61 64 62
67 69 63
70 65 72 66 68
75 74 71
78 73 77 76
79 81
86 80 84 82 85
87 90 83
93 91 88 89
92 95 94 97
100 96
103 98 99 101 102
105 104
111 108 107 106
110 112 109 114
113 118 115
119 116 117 122 123
126 121 125
124 127 120 128
134 129 133 130
132 131 135
137 136 139 138
141 140 142 143
147 144 145 146 148
155 150 149 151 152
157 153 154 156 160
158 159 161
163 162 164
169 165 166
172 168 167 170
176 171 173 174 175
182 181 178 177 179
183 180
188 185 184 186 187
192 190 193 189 194
199 191 195 197 198
196 200 201 202
206 203 204
210 205 207 208 209
216 212 211 214
217 213
218 219
221 220 224
222 215 223 225
230 226
231 228 227 229
239 232 233 234 236
237 238 235 241
244 240 243 242
247 251 245
248 246
250 249 254 252 255
256 253 258
259 257 260
265 261 264 262 266
267 268 263
273 269 270
276 271 272 274
277 275
282 278 279 280 281
283 286
285 284 291 288
292 289 290 287
295 294 297 293 296
299 298
300 301
305 302 304 303 306
308 310 307 311 312
317 309 313 316 314
315 321
323 318 319 320 322
326 325
324 327 328 329
331 338 330
332 334
339 333 335 340
341 337
342 336
348 343 344
346 345 350
354 355 349 351 352
347 353 356
358 361 359 357 360
362 363
