9 10 11 12 1
5 6 7 8 0
17 18 19 20 3
2 13 14 15 16
4 21 22 23 24
34 35 36 37 26
30 31 32 33 25
42 43 44 45 28
27 38 39 40 41
29 46 47 48 49
59 60 61 62 51
55 56 57 58 50
67 68 69 70 53
52 63 64 65 66
54 71 72 73 74
80 81 82 83 75
76 84 85 86 87
77 88 89 90 91
78 92 93 94 95
79 96 97 98 99
105 106 107 108 100
101 109 110 111 112
102 113 114 115 116
121 122 123 124 104
103 117 118 119 120
130 131 132 133 125
126 134 135 136 137
146 147 148 149 129
142 143 144 145 128
127 138 139 140 141
155 156 157 158 150
171 172 173 174 154
167 168 169 170 153
163 164 165 166 152
151 159 160 161 162
184 185 186 187 176
180 181 182 183 175
192 193 194 195 178
177 188 189 190 191
179 196 197 198 199
209 210 211 212 201
205 206 207 208 200
217 218 219 220 203
202 213 214 215 216
204 221 222 223 224
234 235 236 237 226
230 231 232 233 225
242 243 244 245 228
227 238 239 240 241
229 246 247 248 249
