8 9 10 1
2 11 12 13
5 6 7 0
17 18 19 4
3 14 15 16
25 26 27 20
21 28 29 30
22 31 32 33
37 38 39 24
23 34 35 36
48 49 50 41
42 51 52 53
45 46 47 40
57 58 59 44
43 54 55 56
65 66 67 60
61 68 69 70
62 71 72 73
77 78 79 64
63 74 75 76
88 89 90 81
82 91 92 93
85 86 87 80
97 98 99 84
83 94 95 96
105 106 107 100
101 108 109 110
102 111 112 113
117 118 119 104
103 114 115 116
128 129 130 121
125 126 127 120
137 138 139 124
134 135 136 123
122 131 132 133
145 146 147 140
141 148 149 150
142 151 152 153
157 158 159 144
143 154 155 156
168 169 170 161
165 166 167 160
177 178 179 164
174 175 176 163
162 171 172 173
185 186 187 180
181 188 189 190
182 191 192 193
197 198 199 184
183 194 195 196
208 209 210 201
205 206 207 200
217 218 219 204
214 215 216 203
202 211 212 213
225 226 227 220
221 228 229 230
222 231 232 233
237 238 239 224
223 234 235 236
248 249 250 241
245 246 247 240
257 258 259 244
254 255 256 243
242 251 252 253
265 266 267 260
261 268 269 270
262 271 272 273
277 278 279 264
263 274 275 276
288 289 290 281
282 291 292 293
285 286 287 280
297 298 299 284
283 294 295 296
305 306 307 300
301 308 309 310
302 311 312 313
317 318 319 304
303 314 315 316
328 329 330 321
322 331 332 333
325 326 327 320
337 338 339 324
323 334 335 336
345 346 347 340
341 348 349 350
342 351 352 353
357 358 359 344
343 354 355 356
368 369 370 361
362 371 372 373
365 366 367 360
377 378 379 364
363 374 375 376
385 386 387 380
381 388 389 390
382 391 392 393
397 398 399 384
383 394 395 396
408 409 410 401
405 406 407 400
417 418 419 404
414 415 416 403
402 411 412 413
425 426 427 420
421 428 429 430
422 431 432 433
437 438 439 424
423 434 435 436
448 449 450 441
445 446 447 440
457 458 459 444
454 455 456 443
442 451 452 453
465 466 467 460
461 468 469 470
462 471 472 473
477 478 479 464
463 474 475 476
488 489 490 481
485 486 487 480
497 498 499 484
494 495 496 483
482 491 492 493
