1 0
5 3 4 8 6
10 2 9 12 11
13 7 14
18 15 16 17
22 20 21 19
31 24 25 26 23
29 27 28
34 32 33 35 37
39 30
38 41 36 40
44 43 42 47
45 46
48 50 52 54
51 49 53 55 56
64 57 59 60 61
67 58 65 62
70 63 69 66
73 71 68 72
76 74 75
83 81 77 80 78
82 84 85 88
79 87 89 90
93 91
92 96
94 86
95 99 97 98
102 100 101
105 106 103
104 107
113 110 112 109 111
115 108
120 116 117 114 118
122 121 119
125 123 124 126
127 130
136 128 131 129 132
142 134 133 135 137
141 138 139 140
146 150 143 145
149 144 147 148 152
151 156
157 154 153
155 159
166 158 160
162 161 165
169 163
170 164 167 171 172
174 173 176 180 168
177 175 181
182 178 179
185 183 184
188 186 187
190 189 191 197
192 193 198
201 195 199 194 196
200 202 203
206 204 205 208
211 207 210 212 209
213 217
216 215
219 214 220 223 218
224 221 222
226 225
230 228 227
234 231 233 232 229
236 235
239 237 238
242 246 244 240
243 241
247 248 245 249
251 250 252 253
257 254 255 256
264 258 259 260 262
263 261 266
268 265 267 269
274 271 272 270
276 273 275
277 278
280 279
282 283 281
285 284 289
287 286 288
293 290 292 294 291
296 295 298
301 297 299 302
303 300 305
306 304 308
311 310 309 307 312
315 314 313
316 318 319 323
326 317 321 322
320 325 328 324
329 327 331
330 333 332 334
335 342
338 336 339 337 340
341 346
348 343 344 347 345
351 350 349
353 352 358
356 355 354
361 362 357 366
360 359 363
367 364 365 368 369
373 371
378 372
377 370 375 374
382 379 376 380 383
384 381 385
392 386 387 389 396
394 390 388 391 393
399 395 403 397 398
400 401
404 406
409 402 405 408
412 411 407 410 414
418 416 417 413 415
423 419 420 422 421
424 425 426
429 428 427 431 432
435 430 433 436 434
439 438 437 443
442 446 444 440
448 441 445
449 447 452
454 450 453 451 455
459 457 456 458
461 460 464 466
468 465 462
472 467 463 469
474 473 470 476
475 471
481 477 482 478 480
479 484 486 483 485
491 487
490 488 489
495 492 493 498
496 494 499 497
