4 0 1 2 3
6 5
7 8 9
12 10 11
14 13
16 15 17 20
22 18 21 19
25 23
28 26 24 27
29 30 31
36 32 33 34 35
38 37
39 41
40 42
47 44 43 46 45
48 49 50
54 51 52 53 55
59 57 56 58
61 60 62
67 63 64 65 66
68 69
70 71 73
76 72 74 75
78 77
81 79 80
84 83 82
87 85 86
92 88 91 89
95 90 93 94 96
100 97 98 99 101
102 104
107 103 105 106
112 109 108 110 111
113 114
116 117 115
118 119 121
125 120 122 123 124
128 126 127
130 129
133 131 132
138 134 135 136 137
144 139 141 140 143
142 145
146 147 148
150 149
155 152 151 154 153
159 156 158 157 160
161 162
165 164 163
169 166 167 168
172 170 171
177 173 174 175 176
180 179 178
185 181 182 183 184
186 187
188 189 190
191 192 193
197 194 195
199 198 196
205 200 202 201 203
210 204 206 207 208
214 209 211 212 213
218 216 215 217
220 219 221
223 222
227 224 225 226 229
228 230
234 231 232 233
235 236
239 237 238 240
245 241 242 243 244
246 247
252 248 249 250
254 253 251
260 255 256 258
257 261
264 259 262 263
270 265 266 267 268
272 269 271
273 274
276 275
281 277 280 279 278
282 283
287 284 285 286
289 288
294 291 290 292 293
296 295
299 297 298 300
306 302 301 303 304
307 305
309 308 310
314 311 312 313
317 315 316
318 319
324 320 321 322 323
327 325 326
328 329
331 332 330
339 333 334 335 337
340 336
344 338 342 341 343
349 345 346 347 348
350 351
352 353
356 354 355 357
363 358 359 360
365 361 362
369 364 366 367 368
371 370 372 373
378 374 375 376 377
384 379 380 381
387 382 383 385
390 386 388
392 393 389 391
395 396 394
401 397 398 400 399
403 402 404
407 406 405 409
412 408 410 411
416 413 414 415
422 417 418 419 420
424 421 423
427 425 426 428
432 429 430 431
434 433
436 437 435 438
443 439 440 442 441
448 444 445 446 447
451 449 450 452
455 453 454
460 456 457 458 459
462 463 461
465 464 466
468 467 469 470
474 471 472 473
479 475 476 477 478
482 480 481
484 483
485 486
487 488 489
491 490
492 493
496 494 495 497 498
