3 1
2 4
0 5
7 6 9
16 8 10 11 12
13 17
14 15
20 18
19 24 21
27 22 23 26 25
33 28 31 29 34
30 37
35 32 36 38 39
45 40 42 41 43
47 46
53 48 49 44
55 52 50 54
58 51 56 57
60 63
66 59 65 61
67 70 68 62
69 71 64
76 72 73 75 74
77 79
85 80 78 82 81
86 83 88 84
91 90 89
87 92
101 94 93 98
102 96 97 99 95
104 100 103 106 108
110 105 111 112
114 109 113
117 107 120 115
121 116 119 118
126 122 123 125
128 127 124
131 129 130 132
134 133
138 135 136 137
144 140 141 142
149 139 143
148 146 147
155 145 150 151 152
153 154
157 159
165 156 158 160 161
169 166 162
170 163 164 167 168
171 174 172
180 175 173 178 177
188 179 176 181
187 182 184 185
189 186 183
191 190 192 195
196 193
202 194
199 197
204 198 201 203 200
207 205 208
214 206 209 210
216 211 213 212 215
222 217
218 225
221 219 220 223
228 224 231 230
232 227 226 229 233
238 237 234 235
236 241 240
239 242
247 243 246 245 248
250 244 252 249
254 251
256 253 261 255
262 259
267 258
257 263 265
270 260 264 266 271
269 268
273 272 274 278 275
281 276
285 277 280 282 279
284 291 283 288
287 286
289 290
294 292
298 293 295 296 297
299 300 301
303 304 302
306 308
305 307 309
313 310 312 314
317 318 311 320 315
325 316 321 319 322
323 330 324 327 331
333 328 326
332 329
336 335 334 337
348 338
343 341 342 340
344 339 349 345
347 346 351 353 350
360 354 352
358 355 356
361 359
363 362
369 364 357
366 368 365 374
367 370
373 372
381 371 375 376 379
382 380 384
378 383 387 377
386 385 388
390 389 392
396 393 391
394 395
404 397 399 400 401
405 398 402
406 403
409 407 410 415
411 408 412 416
414 413
420 418 417 419
421 422
425 423 431
427 424 426
433 429 428 430 434
436 432 437 435
438 440 441 442
439 443
447 445
449 444 446
448 450
459 454
455 451 452 453 458
456 457 460 462
466 461
467 464 465
468 469 463
471 472 470 473 474
477 476 475 478 479
480 481
484 483
482 486 485 487
492 490 488 489 491
496 494 493
495 497
