3 0 1 2 4
7 8 5 9
12 6
11 15 10 14
16 13
23 17 18 19 21
22 20 25
28 24
29 26 27 31 30
36 32
39 33 38 34
41 35
44 40 37 42
43 46 45 47
49 51 53 48
56 50 52
55 58 57 62
64 60 54 59
68 66 61 63
65 70 76
80 71 67
74 69 72
73 75 77
84 78 81
83 79 86 82
90 85 87
93 88 89 91
97 92 94 95 96
101 99 98 100 102
105 104
108 106 103 107
112 109 110 111 113
117 116 114
121 115 118
119 120 122 124
126 123 125 127
129 132 130 128 131
136 135
139 133 138 134
141 137 143 140
144 142
150 145 147 149 152
146 151 153
157 158 154 156
159 148 155
166 160 162 163
161 165
170 167 168
171 164 169
176 174 175 173 172
180 177 178
179 181
183 184 182 185
187 186 188
194 189 191 190
193 199 196 201
198 195 203 192
204 197 202 207
209 206 200 205 208
218 210 213 212 217
214 211 216 215
220 222
221 219 225 223 224
229 226 228
231 232
238 227 230
233 234
235 236 237
244 239 242 240 241
249 245 243 248 246
251 252 247 250
258 256
253 260 254
261 257 255 262 259
264 267 268
269 263 265 266
274 270 271 272 273
275 280 278
281 276 279 282 277
288 284 285 286
291 289 283 290
287 294 292
300 293 295 296 299
304 302 298 297 303
307 301
305 309 306 308
314 313 310 311 315
316 317
319 312
324 320 322 318
330 326 323 321 327
328 329 325 331 333
336 334 335 332 337
338 339 342 341
343 344 340 345 346
354 352 348 347
350 349 351
357 353 355 356
358 360
365 359 362 361
364 363
367 366 369 368 372
373 370 374 371
375 376
380 377 381 378
383 379 382 385 384
388 386 387
394 390 389 393 391
396 392 395
397 398
