0 6
4 1 2 5 3
10 8 7 9 11
21 12 13 14
18 17
19 15
23 16 20 27 22
26 29 24 25
30 32 28
36 31 35 34 33
37 38
39 40
49 41 44 42 45
43 46 47 50
53 51 48 52
56 54 55
60 57
64 63 59 58 65
62 61 68
69 70 67 72 71
76 73 66 74
75 77 78
79 80 84 83
82 87
81 91
88 85 93 86
95 89
96 90 92 94
100 98
97 99 101 102
103 106
104 107 109 110
116 111 105 108 114
118 115 112
113 117 121 120
122 126 119
125 123 124 129
127 128 130 131
133 132
141 135
143 136 137 134
148 139 140
145 138 142 146 149
147 150 151
155 144 152 153
157 154
163 156 158 160
165 159 162 161 164
169 167 166 168
170 171
173 172
175 174
177 176
181 178 179 180
184 182 183
186 185
191 187 188 189 190
195 192 193 194
199 196 197 198
200 201
206 202 203 204 205
208 207
211 209 210
215 212 213 214
216 217
221 218 220 219
227 223 222 224 225
229 228 226
230 231
234 232 233
239 235 236 237 238
241 240
246 242 243 244 245
248 249 247
254 250 252 251 253
258 255 256 257
263 259 260 262 261
264 265
267 266
269 268
270 271 272
276 273 274 275 278
279 277
280 281
286 282 283 284 285
287 288
292 289 291 290
296 293 294 295
299 297 298
302 301 300
307 303 304 305 306
310 308 309
315 312 311 314 313
316 317
322 318 319 320 321
327 323 324 325 326
328 329
333 330 331 332 334
337 335 336
340 338 339
342 341
347 343 344 345 346
349 348
352 351 350
356 353 354 355
359 357 358
363 360 361 362
364 365
366 367
368 369
373 370 371 372
376 374 375
378 377
379 380
384 381 382 383
389 385 386 387 388
390 391
396 392 393 394
398 395 397 399
403 400 401 402
405 404
408 406 407
411 409 410
412 413
417 414 415 416
419 418
422 420 421
423 424
428 425 426 427
433 429 430 431 432
434 435
437 436
438 439
441 440
445 442 443 444
448 446 447
452 449 450 451
454 453
457 455 456
458 459
463 460 461 462
464 465
468 466 467
472 469 470 471
474 473
478 475 476 477
480 479
483 481 482
485 484
490 486 487 488 489
493 491 492 494
496 495 497 498 499
