0 2 1
4 3 5
6 11 9
7 8 12
14 10 13 18
19 16 15
22 17 20 21
25 23 24
30 26 27 28 29
31 32
33 34
42 35 36 37 40
41 43 38 45 44
48 39
49 53
52 46 47 50
54 51
58 55 56 57 59
60 64
67 61 62 63
66 69
70 71 65 72
68 73 75 74
82 76 80 79 77
81 78
84 83
87 89 86
85 88
97 93 91 92
96 90 94 95
100 98 99
105 104 102 101 106
103 107 108 109 113
115 110 112 111
114 116
121 117 120
119 118 123 125
124 129 122 126
130 131
134 128 127 132
138 133 135
139 140 142 136
141 137
149 143 146 147 144
152 148 145 150
155 151 153 154
160 158 157 156 159
161 162 164 165
169 163 167
172 168 166 170
174 176 173
178 175 171
182 179 177 180 181
186 183
185 187
190 184 188 194 191
195 189 192 196
199 197 193 198
202 200 203 205 206
210 201 204
209 211 207 208
213 214 212 216
219 215
223 218 220 221 217
226 224 222
228 225 227 231 229
230 234
236 232 233 235
239 237
242 238 240
248 243 246 245
247 244
250 241 249
251 257 252 253 254
255 256
265 258 259 261
263 262 260
273 267 268 266 269
271 270 264 275 276
279 272 274 277
280 282 278 283 284
286 285 281 292
291 287 289 290
294 293
296 295 288
299 300 297 298
305 301 302
306 304
308 303
311 307
309 312 310 313
316 314 315 319
322 317 318
324 321 320
326 323
327 328
330 325 329 334
338 332
333 340 331 335
336 339 337
345 344
348 341
342 350
359 343 346 347 349
352 354 351 353 356
360 358 355 363
362 365 357 367 368
364 361 366
374 370 371 369 372
375 380 376 373 384
381 378
386 383 379 387
389 382 377 391
390 385 388
396 392 393 394 395
398 397 399
402 400 403 401
405 404
412 406 408 407 413
409 414 410
419 415 417 416
418 411
422 420
423 427
424 425 421
430 426 428 429
434 431 432
440 435
439 433 436 437
445 441 438 443 442
448 446
451 447 444 449 450
453 452 456 455 454
457 462
463 459 458
465 461 464
468 469 460 466
467 471
473 470 472
476 474 477 475
479 478
480 482 481 483
485 488
486 489 492
487 490 484 494
498 491 495 496
497 493
