1 0
6 2 3 4 5
7 8
13 9 10 11
17 12 14 15 16
21 19 18 20
25 22 23
26 24
32 27 28 29
35 30 31 33 34
36 37
41 38 39 40
44 42 43 45
48 46 47
53 49 50 51 52
54 55
56 57
60 58 59
61 62
65 63 64
69 66 67 68
71 70
72 73
76 74 75
81 77 79 78 80
83 82
85 84
89 86 87 88
92 91 90
93 94 95
100 96 97 98 99
105 101 103 102 104
109 106 107 108
113 110 111 112
114 115
118 116 117
122 119 120 121
126 123 124 125
129 127 128
134 130 131 133 132
136 135
140 137 139 138
141 142
147 143 144 145 146
149 148
153 150 151 152
154 155
156 157
161 158 159
160 162
166 164 163 165
171 167 168 169 170
173 172
176 174 175
180 177 178 179
184 181 182 183
188 185 186 187
193 189 190 191 192
195 194
199 196 197 198
201 200
206 202 203 204 205
211 207 209 208 210
212 213
215 214
219 216 217 218
224 220 221 223 222
226 227 225
230 228 229
234 231 232 233
239 235 236 237
242 238 240 241
244 243
248 245 246 247
253 249 251 250 252
255 254
258 256 257 260 259
262 263
267 261 264 265 266
268 269
273 270 271 272
274 275
280 276 277 278 279
281 282
285 284 283
286 287
291 290 288 289
296 292 293 294 295
301 297 298 299 300
303 302
305 304
307 306
311 308 309 310
315 312 313 314
319 316 317 318
324 322 320 321 323
325 326
328 327
332 329 330 331
336 333 335 334
337 338 339
343 340 341 342
346 345 344
349 347
353 348 350 351
357 352 354 355 356
361 358 359 360
364 362 363
369 365 366 367 368
374 370 371 372 373
379 375 376 377 378
382 381 380
387 383 384 385 386
390 388 389
391 392 393 394
398 396 395 397
400 399
403 401 402
404 405
410 406 407 408 409
413 411 412
418 414 415 417 416
421 419 420
423 422
428 424 425 426 427
429 430
432 431
433 434
435 436
437 438
439 440
441 442
444 443
449 445 446 447 448
454 450 451 452 453
458 456 455 457 459
463 460 461
467 462 464 465 466
468 469
471 470
474 472 473 475
479 476 477 478
481 480
486 482 483 484 485
488 487
492 491 489 490
495 493 494
496 497 499 498
