5 6 4
7 8 3
9 2
10 11 1
17 18 16
19 20 15
21 14
22 23 13
29 30 28
31 32 27
33 26
34 35 25
41 42 40
43 44 39
45 38
46 47 37
53 54 52
55 56 51
57 50
58 59 49
65 66 64
67 68 63
69 62
70 71 61
77 78 76
79 80 75
81 74
82 83 73
89 90 88
91 92 87
93 86
94 95 85
101 102 100
103 104 99
105 98
106 107 97
113 114 112
115 116 111
117 110
118 119 109
125 126 124
127 128 123
129 122
130 131 121
137 138 136
139 140 135
141 134
142 143 133
149 150 148
151 152 147
153 146
154 155 145
161 162 160
163 164 159
165 158
166 167 157
173 174 172
175 176 171
177 170
178 179 169
185 186 184
187 188 183
189 182
190 191 181
197 198 196
199 200 195
201 194
202 203 193
209 210 208
211 212 207
213 206
214 215 205
221 222 220
223 224 219
225 218
226 227 217
233 234 232
235 236 231
237 230
238 239 229
245 246 244
247 248 243
249 242
250 251 241
257 258 256
259 260 255
261 254
262 263 253
269 270 268
271 272 267
273 266
274 275 265
281 282 280
283 284 279
285 278
286 287 277
293 294 292
295 296 291
297 290
298 299 289
305 306 304
307 308 303
309 302
310 311 301
317 318 316
319 320 315
321 314
322 323 313
329 330 328
331 332 327
333 326
334 335 325
341 342 340
343 344 339
345 338
346 347 337
353 354 352
355 356 351
357 350
358 359 349
365 366 364
367 368 363
369 362
370 371 361
377 378 376
379 380 375
381 374
382 383 373
389 390 388
391 392 387
393 386
394 395 385
401 402 400
403 404 399
405 398
406 407 397
413 414 412
415 416 411
417 410
418 419 409
425 426 424
427 428 423
429 422
430 431 421
437 438 436
439 440 435
441 434
442 443 433
449 450 448
451 452 447
453 446
454 455 445
461 462 460
463 464 459
465 458
466 467 457
473 474 472
475 476 471
477 470
478 479 469
