3 1 0 2
6 4 5
11 8 7 9 10
13 12
17 14 15 16
19 18
24 20 21 22 23
28 26 27 25
30 29
35 31 32 33 34
37 36
40 38 39
41 42
46 44 43
48 45 47
50 49
54 51 52 53
59 55 56 57 58
60 61
65 62 63 64
68 66 67
70 69
72 71 73 74
77 75 76
82 78 80 79 81
83 84
90 85 86 87 88
92 89 91
96 93 94 95
99 97 98
102 100 101 103
107 104 105 106
111 108 109 110
113 112
114 115
116 117
118 120
122 119 121
125 123 124 126
132 127 128 129 130
131 133
137 134 135 136 138
143 139 140 141 142
147 144 145 146
151 148 149 150
153 152
158 154 155 156 157
162 159 160 161
166 163 164 165
168 167
172 169 170 171
175 173 174
180 176 177 178 179
182 181
187 183 184 185 186
188 189
191 190
194 193 192
198 195 197
201 196 199 200
206 202 203 204 205
207 208
211 210 209
215 212 214 213
217 216
222 218 219 220 221
224 223
228 225 226 227
232 229 230
234 231 233
239 235 237 236
240 241 238
244 242 243
249 245 246 247 248
253 250 251 252
255 254
259 256 257 258
262 260 261
267 263 264 265 266
272 268 269 270 271
273 274
279 275 276 277 278
280 282
285 281 283 284
286 288
291 287 289 290
293 292 294 295 296
298 297
302 299 300 301
307 303 304 305 306
312 308 309 310 311
316 313 314
318 315 317
322 319 320 321
323 326
328 324 327 325
331 329 330 332
334 333
338 335 336 337
342 339 340 341
346 343 344 345
351 347 348 350 349
352 353
356 355 354 357
361 359 358 360 362
366 363 364 365
371 367 368 369 370
373 372
376 374 375
377 378
384 379 380 381 383
382 385
389 386 387 388 391
390 392
393 394
395 396
400 397 398 399 403
405 401 402
407 404 406
410 408 409
411 412
413 414
419 415 416 417 418
423 420 421 422
428 424 425 426 427
433 429 430 431 432
438 434 435 437 436
440 439 443
445 441 442 444
446 447
450 448 449
452 451
454 453
458 455 456 457
460 459
465 461 462 463 464
466 467
468 469 470
474 471 472 473
478 475 476 477 479
480 481
485 483 482 484
489 486 487 488
493 490 491 492
498 494 495 496 497
